[20:39:00] [Client thread/INFO]: Setting user: AikoDev
[20:39:00] [Client thread/INFO]: (Session ID is token:0:AikoDev)
[20:39:00] [Client thread/INFO]: [Draconia] : Enregistrement du block : oxyte_block
[20:39:00] [Client thread/INFO]: [Draconia] : Enregistrement du block : oxyte_ore
[20:39:00] [Client thread/INFO]: [Draconia] : Enregistrement du block : bauxite_block
[20:39:00] [Client thread/INFO]: [Draconia] : Enregistrement du block : bauxite_ore
[20:39:00] [Client thread/INFO]: [Draconia] : Enregistrement du block : kobalte_block
[20:39:00] [Client thread/INFO]: [Draconia] : Enregistrement du block : kobalte_ore
[20:39:00] [Client thread/INFO]: [Draconia] : Enregistrement du block : dolomite_block
[20:39:00] [Client thread/INFO]: [Draconia] : Enregistrement du block : dolomite_ore
[20:39:00] [Client thread/INFO]: [Draconia] : Enregistrement du block : oxyte_tnt
[20:39:00] [Client thread/INFO]: [Draconia] : Enregistrement du block : oxyte_block
[20:39:00] [Client thread/INFO]: [Draconia] : Enregistrement du block : oxyte_ore
[20:39:00] [Client thread/INFO]: [Draconia] : Enregistrement du block : bauxite_block
[20:39:00] [Client thread/INFO]: [Draconia] : Enregistrement du block : bauxite_ore
[20:39:00] [Client thread/INFO]: [Draconia] : Enregistrement du block : kobalte_block
[20:39:00] [Client thread/INFO]: [Draconia] : Enregistrement du block : kobalte_ore
[20:39:00] [Client thread/INFO]: [Draconia] : Enregistrement du block : dolomite_block
[20:39:00] [Client thread/INFO]: [Draconia] : Enregistrement du block : dolomite_ore
[20:39:00] [Client thread/INFO]: [Draconia] : Enregistrement du block : oxyte_tnt
[20:39:00] [Client thread/INFO]: [Draconia] : Enregistrement de l'item : oxyte
[20:39:00] [Client thread/INFO]: [Draconia] : Enregistrement de l'item : bauxite
[20:39:00] [Client thread/INFO]: [Draconia] : Enregistrement de l'item : kobalte
[20:39:00] [Client thread/INFO]: [Draconia] : Enregistrement de l'item : dolomite
[20:39:00] [Client thread/INFO]: [Draconia] : Enregistrement de l'item : oxyte_stick
[20:39:00] [Client thread/INFO]: [Draconia] : Enregistrement de l'item : bauxite_stick
[20:39:00] [Client thread/INFO]: [Draconia] : Enregistrement de l'item : kobalte_stick
[20:39:00] [Client thread/INFO]: [Draconia] : Enregistrement de l'item : dolomite_stick
[20:39:00] [Client thread/INFO]: [Draconia] : Enregistrement de l'item : oxyte_hammer
[20:39:00] [Client thread/INFO]: [Draconia] : Enregistrement de l'item : heal_stick
[20:39:00] [Client thread/INFO]: [Draconia] : Enregistrement de l'item : tnt_stick
[20:39:00] [Client thread/INFO]: [Draconia] : Enregistrement de l'item : void_stone
[20:39:00] [Client thread/INFO]: [Draconia] : Enregistrement de l'item : oxyte_sword
[20:39:00] [Client thread/INFO]: [Draconia] : Enregistrement de l'item : oxyte_pickaxe
[20:39:00] [Client thread/INFO]: [Draconia] : Enregistrement de l'item : oxyte_axe
[20:39:00] [Client thread/INFO]: [Draconia] : Enregistrement de l'item : oxyte_shovel
[20:39:00] [Client thread/INFO]: [Draconia] : Enregistrement de l'item : oxyte_hoe
[20:39:00] [Client thread/INFO]: [Draconia] : Enregistrement de l'item : bauxite_sword
[20:39:00] [Client thread/INFO]: [Draconia] : Enregistrement de l'item : bauxite_pickaxe
[20:39:00] [Client thread/INFO]: [Draconia] : Enregistrement de l'item : bauxite_axe
[20:39:00] [Client thread/INFO]: [Draconia] : Enregistrement de l'item : bauxite_shovel
[20:39:00] [Client thread/INFO]: [Draconia] : Enregistrement de l'item : bauxite_hoe
[20:39:00] [Client thread/INFO]: [Draconia] : Enregistrement de l'item : kobalte_sword
[20:39:00] [Client thread/INFO]: [Draconia] : Enregistrement de l'item : kobalte_pickaxe
[20:39:00] [Client thread/INFO]: [Draconia] : Enregistrement de l'item : kobalte_axe
[20:39:00] [Client thread/INFO]: [Draconia] : Enregistrement de l'item : kobalte_shovel
[20:39:00] [Client thread/INFO]: [Draconia] : Enregistrement de l'item : kobalte_hoe
[20:39:00] [Client thread/INFO]: [Draconia] : Enregistrement de l'item : dolomite_sword
[20:39:00] [Client thread/INFO]: [Draconia] : Enregistrement de l'item : dolomite_pickaxe
[20:39:00] [Client thread/INFO]: [Draconia] : Enregistrement de l'item : dolomite_axe
[20:39:00] [Client thread/INFO]: [Draconia] : Enregistrement de l'item : dolomite_shovel
[20:39:00] [Client thread/INFO]: [Draconia] : Enregistrement de l'item : dolomite_hoe
[20:39:00] [Client thread/INFO]: [Draconia] : Enregistrement de l'item : dolomite_helmet
[20:39:00] [Client thread/INFO]: [Draconia] : Enregistrement de l'item : dolomite_chestplate
[20:39:00] [Client thread/INFO]: [Draconia] : Enregistrement de l'item : dolomite_leggings
[20:39:00] [Client thread/INFO]: [Draconia] : Enregistrement de l'item : dolomite_boots
[20:39:00] [Client thread/INFO]: [Draconia] : Enregistrement de l'item : kobalte_helmet
[20:39:00] [Client thread/INFO]: [Draconia] : Enregistrement de l'item : kobalte_chestplate
[20:39:00] [Client thread/INFO]: [Draconia] : Enregistrement de l'item : kobalte_leggings
[20:39:00] [Client thread/INFO]: [Draconia] : Enregistrement de l'item : kobalte_boots
[20:39:00] [Client thread/INFO]: [Draconia] : Enregistrement de l'item : bauxite_helmet
[20:39:00] [Client thread/INFO]: [Draconia] : Enregistrement de l'item : bauxite_chestplate
[20:39:00] [Client thread/INFO]: [Draconia] : Enregistrement de l'item : bauxite_leggings
[20:39:00] [Client thread/INFO]: [Draconia] : Enregistrement de l'item : bauxite_boots
[20:39:00] [Client thread/INFO]: [Draconia] : Enregistrement de l'item : oxyte_helmet
[20:39:00] [Client thread/INFO]: [Draconia] : Enregistrement de l'item : oxyte_chestplate
[20:39:00] [Client thread/INFO]: [Draconia] : Enregistrement de l'item : oxyte_leggings
[20:39:00] [Client thread/INFO]: [Draconia] : Enregistrement de l'item : oxyte_boots
[20:39:00] [Client thread/INFO]: [Draconia] : Initialization of Draconia
[20:39:00] [Client thread/INFO]: [Draconia] : Draconia version is : 1.0
[20:39:00] [Client thread/INFO]: [Draconia] : Java version of the user : 1.8.0_202
[20:39:00] [Client thread/INFO]: [Draconia] : OS of the user : Windows 10
[20:39:00] [Client thread/INFO]: [OptiFine] *** Reflector Forge ***
[20:39:00] [Client thread/INFO]: [OptiFine] *** Reflector Vanilla ***
[20:39:00] [Client thread/INFO]: [OptiFine] (Reflector) Class not present: net.minecraftforge.fml.common.eventhandler.Event$Result
[20:39:00] [Client thread/INFO]: [OptiFine] (Reflector) Class not present: net.minecraft.launchwrapper.Launch
[20:39:00] [Client thread/INFO]: LWJGL Version: 2.9.4
[20:39:01] [Client thread/INFO]: [OptiFine] 
[20:39:01] [Client thread/INFO]: [OptiFine] OptiFine_1.8.9_HD_U_M6_pre2
[20:39:01] [Client thread/INFO]: [OptiFine] Build: null
[20:39:01] [Client thread/INFO]: [OptiFine] OS: Windows 10 (amd64) version 10.0
[20:39:01] [Client thread/INFO]: [OptiFine] Java: 1.8.0_202, Oracle Corporation
[20:39:01] [Client thread/INFO]: [OptiFine] VM: Java HotSpot(TM) 64-Bit Server VM (mixed mode), Oracle Corporation
[20:39:01] [Client thread/INFO]: [OptiFine] LWJGL: 2.9.4
[20:39:01] [Client thread/INFO]: [OptiFine] OpenGL: AMD Radeon(TM) Graphics, version 4.6.0 Compatibility Profile Context 24.3.1.240216, ATI Technologies Inc.
[20:39:01] [Client thread/INFO]: [OptiFine] OpenGL Version: 4.6.0
[20:39:01] [Client thread/INFO]: [OptiFine] OpenGL Fancy fog: Not available (GL_NV_fog_distance)
[20:39:01] [Client thread/INFO]: [OptiFine] Maximum texture size: 16384x16384
[20:39:01] [VersionCheck/INFO]: [OptiFine] Checking for new version
[20:39:01] [Client thread/INFO]: [Shaders] OpenGL Version: 4.6.0 Compatibility Profile Context 24.3.1.240216
[20:39:01] [Client thread/INFO]: [Shaders] Vendor:  ATI Technologies Inc.
[20:39:01] [Client thread/INFO]: [Shaders] Renderer: AMD Radeon(TM) Graphics
[20:39:01] [Client thread/INFO]: [Shaders] Capabilities:  2.0  2.1  3.0  3.2  4.0 
[20:39:01] [Client thread/INFO]: [Shaders] GL_MAX_DRAW_BUFFERS: 8
[20:39:01] [Client thread/INFO]: [Shaders] GL_MAX_COLOR_ATTACHMENTS_EXT: 8
[20:39:01] [Client thread/INFO]: [Shaders] GL_MAX_TEXTURE_IMAGE_UNITS: 32
[20:39:01] [Client thread/INFO]: [Shaders] Load shaders configuration.
[20:39:01] [Client thread/INFO]: [Shaders] No shaderpack loaded.
[20:39:01] [Client thread/INFO]: [OptiFine] (Reflector) Class not present: net.minecraftforge.fml.common.Loader
[20:39:01] [Client thread/INFO]: [OptiFine] (Reflector) Class not present: net.minecraftforge.fml.client.SplashProgress
[20:39:01] [Client thread/INFO]: Reloading ResourceManager: Default
[20:39:01] [Client thread/INFO]: [OptiFine] (Reflector) Class not present: optifine.OptiFineClassTransformer
[20:39:01] [Client thread/INFO]: [OptiFine] *** Reloading textures ***
[20:39:01] [Client thread/INFO]: [OptiFine] Resource packs: Default
[20:39:01] [VersionCheck/INFO]: [OptiFine] Version found: M5
[20:39:01] [Client thread/INFO]: [OptiFine] (Reflector) Class not present: net.minecraftforge.client.model.Attributes
[20:39:01] [Client thread/INFO]: [OptiFine] (Reflector) Method not present: net.minecraft.client.renderer.vertex.VertexFormatElement$EnumUsage.preDraw
[20:39:01] [Client thread/INFO]: [OptiFine] (Reflector) Method not present: net.minecraft.client.renderer.vertex.VertexFormatElement$EnumUsage.postDraw
[20:39:01] [Client thread/ERROR]: Couldn't initialize twitch stream
[20:39:01] [Sound Library Loader/INFO]: Starting up SoundSystem...
[20:39:01] [Thread-6/INFO]: Initializing LWJGL OpenAL
[20:39:01] [Thread-6/INFO]: (The LWJGL binding of OpenAL.  For more information, see http://www.lwjgl.org)
[20:39:01] [Thread-6/INFO]: OpenAL initialized.
[20:39:02] [Sound Library Loader/INFO]: Sound engine started
[20:39:02] [Client thread/WARN]: Unable to load variant: explode=false from draconia:oxyte_tnt#explode=false
net.minecraft.client.renderer.block.model.ModelBlockDefinition$MissingVariantException
	at net.minecraft.client.renderer.block.model.ModelBlockDefinition.getVariants(ModelBlockDefinition.java:54) ~[main/:?]
	at net.minecraft.client.resources.model.ModelBakery.registerVariant(ModelBakery.java:136) ~[main/:?]
	at net.minecraft.client.resources.model.ModelBakery.loadVariants(ModelBakery.java:120) [main/:?]
	at net.minecraft.client.resources.model.ModelBakery.loadVariantItemModels(ModelBakery.java:100) [main/:?]
	at net.minecraft.client.resources.model.ModelBakery.setupModelRegistry(ModelBakery.java:90) [main/:?]
	at net.minecraft.client.resources.model.ModelManager.onResourceManagerReload(ModelManager.java:25) [main/:?]
	at net.minecraft.client.resources.SimpleReloadableResourceManager.registerReloadListener(SimpleReloadableResourceManager.java:111) [main/:?]
	at net.minecraft.client.Minecraft.startGame(Minecraft.java:482) [main/:?]
	at net.minecraft.client.Minecraft.run(Minecraft.java:333) [main/:?]
	at net.minecraft.client.main.Main.main(Main.java:113) [main/:?]
	at Start.main(Start.java:11) [main/:?]
[20:39:02] [Client thread/WARN]: Unable to load variant: explode=true from draconia:oxyte_tnt#explode=true
net.minecraft.client.renderer.block.model.ModelBlockDefinition$MissingVariantException
	at net.minecraft.client.renderer.block.model.ModelBlockDefinition.getVariants(ModelBlockDefinition.java:54) ~[main/:?]
	at net.minecraft.client.resources.model.ModelBakery.registerVariant(ModelBakery.java:136) ~[main/:?]
	at net.minecraft.client.resources.model.ModelBakery.loadVariants(ModelBakery.java:120) [main/:?]
	at net.minecraft.client.resources.model.ModelBakery.loadVariantItemModels(ModelBakery.java:100) [main/:?]
	at net.minecraft.client.resources.model.ModelBakery.setupModelRegistry(ModelBakery.java:90) [main/:?]
	at net.minecraft.client.resources.model.ModelManager.onResourceManagerReload(ModelManager.java:25) [main/:?]
	at net.minecraft.client.resources.SimpleReloadableResourceManager.registerReloadListener(SimpleReloadableResourceManager.java:111) [main/:?]
	at net.minecraft.client.Minecraft.startGame(Minecraft.java:482) [main/:?]
	at net.minecraft.client.Minecraft.run(Minecraft.java:333) [main/:?]
	at net.minecraft.client.main.Main.main(Main.java:113) [main/:?]
	at Start.main(Start.java:11) [main/:?]
[20:39:03] [Client thread/INFO]: [OptiFine] (Reflector) Class not present: net.minecraftforge.client.ForgeHooksClient
[20:39:03] [Client thread/WARN]: In parent chain: draconia:item/oxyte_tnt -> draconia:block/oxyte_tnt; unable to load model: 'draconia:block/oxyte_tnt'
[20:39:04] [Client thread/INFO]: [OptiFine] Mipmap levels: 4
[20:39:04] [Client thread/INFO]: [OptiFine] Multitexture: false
[20:39:04] [Client thread/INFO]: [OptiFine] ConnectedTextures: mcpatcher/ctm/default/0_glass_white/glass_pane_white.properties
[20:39:04] [Client thread/INFO]: [OptiFine] ConnectedTextures: mcpatcher/ctm/default/0_glass_white/glass_white.properties
[20:39:04] [Client thread/INFO]: [OptiFine] ConnectedTextures: mcpatcher/ctm/default/10_glass_purple/glass_pane_purple.properties
[20:39:04] [Client thread/INFO]: [OptiFine] ConnectedTextures: mcpatcher/ctm/default/10_glass_purple/glass_purple.properties
[20:39:04] [Client thread/INFO]: [OptiFine] ConnectedTextures: mcpatcher/ctm/default/11_glass_blue/glass_blue.properties
[20:39:04] [Client thread/INFO]: [OptiFine] ConnectedTextures: mcpatcher/ctm/default/11_glass_blue/glass_pane_blue.properties
[20:39:04] [Client thread/INFO]: [OptiFine] ConnectedTextures: mcpatcher/ctm/default/12_glass_brown/glass_brown.properties
[20:39:04] [Client thread/INFO]: [OptiFine] ConnectedTextures: mcpatcher/ctm/default/12_glass_brown/glass_pane_brown.properties
[20:39:04] [Client thread/INFO]: [OptiFine] ConnectedTextures: mcpatcher/ctm/default/13_glass_green/glass_green.properties
[20:39:04] [Client thread/INFO]: [OptiFine] ConnectedTextures: mcpatcher/ctm/default/13_glass_green/glass_pane_green.properties
[20:39:04] [Client thread/INFO]: [OptiFine] ConnectedTextures: mcpatcher/ctm/default/14_glass_red/glass_pane_red.properties
[20:39:04] [Client thread/INFO]: [OptiFine] ConnectedTextures: mcpatcher/ctm/default/14_glass_red/glass_red.properties
[20:39:04] [Client thread/INFO]: [OptiFine] ConnectedTextures: mcpatcher/ctm/default/15_glass_black/glass_black.properties
[20:39:04] [Client thread/INFO]: [OptiFine] ConnectedTextures: mcpatcher/ctm/default/15_glass_black/glass_pane_black.properties
[20:39:04] [Client thread/INFO]: [OptiFine] ConnectedTextures: mcpatcher/ctm/default/1_glass_orange/glass_orange.properties
[20:39:04] [Client thread/INFO]: [OptiFine] ConnectedTextures: mcpatcher/ctm/default/1_glass_orange/glass_pane_orange.properties
[20:39:04] [Client thread/INFO]: [OptiFine] ConnectedTextures: mcpatcher/ctm/default/2_glass_magenta/glass_magenta.properties
[20:39:04] [Client thread/INFO]: [OptiFine] ConnectedTextures: mcpatcher/ctm/default/2_glass_magenta/glass_pane_magenta.properties
[20:39:04] [Client thread/INFO]: [OptiFine] ConnectedTextures: mcpatcher/ctm/default/3_glass_light_blue/glass_light_blue.properties
[20:39:04] [Client thread/INFO]: [OptiFine] ConnectedTextures: mcpatcher/ctm/default/3_glass_light_blue/glass_pane_light_blue.properties
[20:39:04] [Client thread/INFO]: [OptiFine] ConnectedTextures: mcpatcher/ctm/default/4_glass_yellow/glass_pane_yellow.properties
[20:39:04] [Client thread/INFO]: [OptiFine] ConnectedTextures: mcpatcher/ctm/default/4_glass_yellow/glass_yellow.properties
[20:39:04] [Client thread/INFO]: [OptiFine] ConnectedTextures: mcpatcher/ctm/default/5_glass_lime/glass_lime.properties
[20:39:04] [Client thread/INFO]: [OptiFine] ConnectedTextures: mcpatcher/ctm/default/5_glass_lime/glass_pane_lime.properties
[20:39:04] [Client thread/INFO]: [OptiFine] ConnectedTextures: mcpatcher/ctm/default/6_glass_pink/glass_pane_pink.properties
[20:39:04] [Client thread/INFO]: [OptiFine] ConnectedTextures: mcpatcher/ctm/default/6_glass_pink/glass_pink.properties
[20:39:04] [Client thread/INFO]: [OptiFine] ConnectedTextures: mcpatcher/ctm/default/7_glass_gray/glass_gray.properties
[20:39:04] [Client thread/INFO]: [OptiFine] ConnectedTextures: mcpatcher/ctm/default/7_glass_gray/glass_pane_gray.properties
[20:39:04] [Client thread/INFO]: [OptiFine] ConnectedTextures: mcpatcher/ctm/default/8_glass_silver/glass_pane_silver.properties
[20:39:04] [Client thread/INFO]: [OptiFine] ConnectedTextures: mcpatcher/ctm/default/8_glass_silver/glass_silver.properties
[20:39:04] [Client thread/INFO]: [OptiFine] ConnectedTextures: mcpatcher/ctm/default/9_glass_cyan/glass_cyan.properties
[20:39:04] [Client thread/INFO]: [OptiFine] ConnectedTextures: mcpatcher/ctm/default/9_glass_cyan/glass_pane_cyan.properties
[20:39:04] [Client thread/INFO]: [OptiFine] ConnectedTextures: mcpatcher/ctm/default/bookshelf.properties
[20:39:04] [Client thread/INFO]: [OptiFine] ConnectedTextures: mcpatcher/ctm/default/glass.properties
[20:39:04] [Client thread/INFO]: [OptiFine] ConnectedTextures: mcpatcher/ctm/default/glasspane.properties
[20:39:04] [Client thread/INFO]: [OptiFine] ConnectedTextures: mcpatcher/ctm/default/sandstone.properties
[20:39:04] [Client thread/INFO]: [OptiFine] Multipass connected textures: false
[20:39:04] [Client thread/INFO]: [OptiFine] BetterGrass: Parsing default configuration optifine/bettergrass.properties
[20:39:05] [Client thread/INFO]: Created: 1024x1024 textures-atlas
[20:39:05] [Client thread/INFO]: [OptiFine] Animated sprites: 12
[20:39:05] [Client thread/INFO]: [OptiFine] (Reflector) Class not present: net.minecraftforge.client.model.ModelLoader
[20:39:05] [Client thread/WARN]: Missing model for: draconia:item/oxyte_tnt
[20:39:05] [Client thread/INFO]: [OptiFine] (Reflector) Class not present: net.minecraftforge.client.ItemModelMesherForge
[20:39:05] [Client thread/INFO]: [OptiFine] (Reflector) Class not present: net.minecraftforge.fml.client.registry.RenderingRegistry
[20:39:05] [Client thread/INFO]: [OptiFine] (Reflector) Class not present: net.minecraftforge.common.ForgeModContainer
[20:39:06] [Client thread/INFO]: [Draconia] : Starting Draconia ....
[20:39:06] [Client thread/INFO]: [Draconia] : Draconia is successfully launched !
[20:39:06] [Client thread/INFO]: [OptiFine] (Reflector) Class not present: mods.betterfoliage.client.BetterFoliageClient
[20:39:06] [Client thread/INFO]: [OptiFine] (Reflector) Class not present: net.minecraftforge.fml.common.asm.transformers.BlamingTransformer
[20:39:06] [Client thread/INFO]: [OptiFine] (Reflector) Class not present: net.minecraftforge.event.world.ChunkWatchEvent$UnWatch
[20:39:06] [Client thread/INFO]: [OptiFine] (Reflector) Class not present: net.minecraftforge.fml.relauncher.CoreModManager
[20:39:06] [Client thread/INFO]: [OptiFine] (Reflector) Class not present: net.minecraftforge.common.DimensionManager
[20:39:06] [Client thread/INFO]: [OptiFine] (Reflector) Class not present: net.minecraftforge.client.event.GuiScreenEvent$DrawScreenEvent$Pre
[20:39:06] [Client thread/INFO]: [OptiFine] (Reflector) Class not present: net.minecraftforge.client.event.GuiScreenEvent$DrawScreenEvent$Post
[20:39:06] [Client thread/INFO]: [OptiFine] (Reflector) Class not present: net.minecraftforge.client.event.EntityViewRenderEvent$CameraSetup
[20:39:06] [Client thread/INFO]: [OptiFine] (Reflector) Class not present: net.minecraftforge.client.event.EntityViewRenderEvent$FogColors
[20:39:06] [Client thread/INFO]: [OptiFine] (Reflector) Class not present: net.minecraftforge.fml.common.eventhandler.Event
[20:39:06] [Client thread/INFO]: [OptiFine] (Reflector) Class not present: net.minecraftforge.fml.common.eventhandler.EventBus
[20:39:06] [Client thread/INFO]: [OptiFine] (Reflector) Class not present: net.minecraftforge.common.property.ExtendedBlockState
[20:39:06] [Client thread/INFO]: [OptiFine] (Reflector) Class not present: net.minecraftforge.fml.client.FMLClientHandler
[20:39:06] [Client thread/INFO]: [OptiFine] (Reflector) Class not present: net.minecraftforge.fml.common.FMLCommonHandler
[20:39:06] [Client thread/INFO]: [OptiFine] (Reflector) Method not present: net.minecraft.world.biome.BiomeGenBase.getWaterColorMultiplier
[20:39:06] [Client thread/INFO]: [OptiFine] (Reflector) Method not present: net.minecraft.block.Block.addDestroyEffects
[20:39:06] [Client thread/INFO]: [OptiFine] (Reflector) Method not present: net.minecraft.block.Block.addHitEffects
[20:39:06] [Client thread/INFO]: [OptiFine] (Reflector) Method not present: net.minecraft.block.Block.canCreatureSpawn
[20:39:06] [Client thread/INFO]: [OptiFine] (Reflector) Method not present: net.minecraft.block.Block.canRenderInLayer
[20:39:06] [Client thread/INFO]: [OptiFine] (Reflector) Method not present: net.minecraft.block.Block.doesSideBlockRendering
[20:39:06] [Client thread/INFO]: [OptiFine] (Reflector) Method not present: net.minecraft.block.Block.getBedDirection
[20:39:06] [Client thread/INFO]: [OptiFine] (Reflector) Method not present: net.minecraft.block.Block.getExtendedState
[20:39:06] [Client thread/INFO]: [OptiFine] (Reflector) Method not present: net.minecraft.block.Block.getLightOpacity
[20:39:06] [Client thread/INFO]: [OptiFine] (Reflector) Method not present: net.minecraft.block.Block.getLightValue
[20:39:06] [Client thread/INFO]: [OptiFine] (Reflector) Method not present: net.minecraft.block.Block.hasTileEntity
[20:39:06] [Client thread/INFO]: [OptiFine] (Reflector) Method not present: net.minecraft.block.Block.isAir
[20:39:06] [Client thread/INFO]: [OptiFine] (Reflector) Method not present: net.minecraft.block.Block.isBed
[20:39:06] [Client thread/INFO]: [OptiFine] (Reflector) Method not present: net.minecraft.block.Block.isBedFoot
[20:39:06] [Client thread/INFO]: [OptiFine] (Reflector) Method not present: net.minecraft.block.Block.isSideSolid
[20:39:06] [Client thread/INFO]: [OptiFine] (Reflector) Method not present: net.minecraft.world.ChunkCache.isSideSolid
[20:39:06] [Client thread/INFO]: [OptiFine] (Reflector) Method not present: net.minecraft.entity.Entity.canRiderInteract
[20:39:06] [Client thread/INFO]: [OptiFine] (Reflector) Field not present: net.minecraft.entity.Entity.captureDrops
[20:39:06] [Client thread/INFO]: [OptiFine] (Reflector) Field not present: net.minecraft.entity.Entity.capturedDrops
[20:39:06] [Client thread/INFO]: [OptiFine] (Reflector) Method not present: net.minecraft.entity.Entity.shouldRenderInPass
[20:39:06] [Client thread/INFO]: [OptiFine] (Reflector) Method not present: net.minecraft.entity.Entity.shouldRiderSit
[20:39:06] [Client thread/INFO]: [OptiFine] (Reflector) Class not present: net.minecraftforge.event.ForgeEventFactory
[20:39:06] [Client thread/INFO]: [OptiFine] (Reflector) Class not present: net.minecraftforge.common.ForgeHooks
[20:39:06] [Client thread/INFO]: [OptiFine] (Reflector) Field not present: net.minecraft.item.Item.delegate
[20:39:06] [Client thread/INFO]: [OptiFine] (Reflector) Method not present: net.minecraft.item.Item.getDurabilityForDisplay
[20:39:06] [Client thread/INFO]: [OptiFine] (Reflector) Method not present: net.minecraft.item.Item.getModel
[20:39:06] [Client thread/INFO]: [OptiFine] (Reflector) Method not present: net.minecraft.item.Item.onEntitySwing
[20:39:06] [Client thread/INFO]: [OptiFine] (Reflector) Method not present: net.minecraft.item.Item.shouldCauseReequipAnimation
[20:39:06] [Client thread/INFO]: [OptiFine] (Reflector) Method not present: net.minecraft.item.Item.showDurabilityBar
[20:39:06] [Client thread/INFO]: [OptiFine] (Reflector) Method not present: net.minecraft.potion.PotionEffect.isCurativeItem
[20:39:06] [Client thread/INFO]: [OptiFine] (Reflector) Method not present: net.minecraft.tileentity.TileEntity.canRenderBreaking
[20:39:06] [Client thread/INFO]: [OptiFine] (Reflector) Method not present: net.minecraft.tileentity.TileEntity.getRenderBoundingBox
[20:39:06] [Client thread/INFO]: [OptiFine] (Reflector) Method not present: net.minecraft.tileentity.TileEntity.hasFastRenderer
[20:39:06] [Client thread/INFO]: [OptiFine] (Reflector) Method not present: net.minecraft.tileentity.TileEntity.shouldRenderInPass
[20:39:06] [Client thread/INFO]: [OptiFine] (Reflector) Method not present: net.minecraft.world.World.countEntities
[20:39:06] [Client thread/INFO]: [OptiFine] (Reflector) Method not present: net.minecraft.world.World.getPerWorldStorage
[20:39:06] [Client thread/INFO]: [OptiFine] (Reflector) Method not present: net.minecraft.world.WorldProvider.getCloudRenderer
[20:39:06] [Client thread/INFO]: [OptiFine] (Reflector) Method not present: net.minecraft.world.WorldProvider.getSkyRenderer
[20:39:06] [Client thread/INFO]: [OptiFine] (Reflector) Method not present: net.minecraft.world.WorldProvider.getWeatherRenderer
[20:39:06] [Client thread/INFO]: [OptiFine] (Reflector) Method not present: net.minecraft.world.WorldProvider.getSaveFolder
[20:39:06] [Client thread/INFO]: [OptiFine] (Reflector) Class not present: net.minecraftforge.fml.client.GuiModList
[20:39:06] [Client thread/INFO]: [OptiFine] (Reflector) Class not present: net.minecraftforge.client.model.IColoredBakedQuad
[20:39:06] [Client thread/INFO]: [OptiFine] (Reflector) Class not present: net.minecraftforge.common.property.IExtendedBlockState
[20:39:06] [Client thread/INFO]: [OptiFine] (Reflector) Class not present: net.minecraftforge.client.model.IModel
[20:39:06] [Client thread/INFO]: [OptiFine] (Reflector) Class not present: net.minecraftforge.client.IRenderHandler
[20:39:06] [Client thread/INFO]: [OptiFine] (Reflector) Class not present: net.minecraftforge.client.model.pipeline.LightUtil
[20:39:06] [Client thread/INFO]: [OptiFine] (Reflector) Class not present: net.minecraftforge.common.MinecraftForge
[20:39:06] [Client thread/INFO]: [OptiFine] (Reflector) Class not present: net.minecraftforge.client.MinecraftForgeClient
[20:39:06] [Client thread/INFO]: [OptiFine] (Reflector) Class not present: net.minecraftforge.fml.common.ModContainer
[20:39:06] [Client thread/INFO]: [OptiFine] (Reflector) Class not present: net.minecraftforge.client.model.ModelLoader$VanillaLoader
[20:39:06] [Client thread/INFO]: [OptiFine] (Reflector) Class not present: net.minecraftforge.client.event.RenderBlockOverlayEvent$OverlayType
[20:39:06] [Client thread/INFO]: [OptiFine] (Reflector) Class not present: net.minecraftforge.client.event.RenderItemInFrameEvent
[20:39:06] [Client thread/INFO]: [OptiFine] (Reflector) Class not present: net.minecraftforge.client.event.RenderLivingEvent$Pre
[20:39:06] [Client thread/INFO]: [OptiFine] (Reflector) Class not present: net.minecraftforge.client.event.RenderLivingEvent$Post
[20:39:06] [Client thread/INFO]: [OptiFine] (Reflector) Class not present: net.minecraftforge.client.event.RenderLivingEvent$Specials$Pre
[20:39:06] [Client thread/INFO]: [OptiFine] (Reflector) Class not present: net.minecraftforge.client.event.RenderLivingEvent$Specials$Post
[20:39:06] [Client thread/INFO]: [OptiFine] (Reflector) Class not present: net.minecraftforge.event.world.WorldEvent$Load
[20:39:06] [Client thread/INFO]: [OptiFine] *** Reloading custom textures ***
[20:39:06] [Client thread/INFO]: [OptiFine] CustomColors: Loading mcpatcher/color.properties
[20:39:06] [Client thread/INFO]: [OptiFine] CustomColors: text.boss = ff00ff
[20:39:06] [Client thread/INFO]: [OptiFine] CustomColors: text.sign = 000000
[20:39:06] [Client thread/WARN]: [OptiFine] CustomColors: Invalid color: collar.light_gray = 999999
[20:39:06] [Client thread/INFO]: [OptiFine] CustomColors: Wolf collar colors: 15
[20:39:06] [Client thread/WARN]: [OptiFine] CustomColors: Invalid color: sheep.light_gray = 999999
[20:39:06] [Client thread/INFO]: [OptiFine] CustomColors: Sheep colors: 15
[20:39:06] [Client thread/INFO]: [OptiFine] CustomColors: Text colors: 32
[20:39:06] [Client thread/INFO]: [OptiFine] Enable face culling: acacia_leaves, birch_leaves, dark_oak_leaves, jungle_leaves, oak_leaves, spruce_leaves
[20:39:07] [Discord RPC Callback/INFO]: [Draconia] : Welcome yun_3001
[20:39:08] [Server thread/INFO]: Starting integrated minecraft server version 1.9
[20:39:08] [Server thread/INFO]: Generating keypair
[20:39:08] [Server thread/INFO]: Preparing start region for level 0
[20:39:09] [Server thread/INFO]: Changing view distance to 8, from 10
[20:39:09] [Server thread/INFO]: AikoDev[local:E:9d8e2fc9] logged in with entity id 132 at (1875.0668766418173, 71.98935666543404, 544.9775744914854)
[20:39:09] [Server thread/INFO]: AikoDev a rejoint la partie
[20:39:15] [Client thread/INFO]: Stopping!
[20:39:15] [Client thread/INFO]: SoundSystem shutting down...
[20:39:15] [Server thread/INFO]: Stopping server
[20:39:15] [Server thread/INFO]: Saving players
[20:39:15] [Server thread/INFO]: Saving worlds
[20:39:15] [Server thread/INFO]: Saving chunks for level 'Nouveau monde'/Overworld
[20:39:15] [Server thread/INFO]: Saving chunks for level 'Nouveau monde'/Nether
[20:39:15] [Server thread/INFO]: Saving chunks for level 'Nouveau monde'/The End
[20:39:16] [Client thread/WARN]: Author: Paul Lamb, www.paulscode.com
[20:39:16] [Client thread/INFO]: [Draconia] : Shutdowning of Draconia ....
[20:39:16] [Client thread/INFO]: [Draconia] : Draconia is successfully shutdown !
