#
# A fatal error has been detected by the Java Runtime Environment:
#
#  EXCEPTION_ACCESS_VIOLATION (0xc0000005) at pc=0x000000002e911066, pid=14424, tid=0x0000000000003eb0
#
# JRE version: Java(TM) SE Runtime Environment (8.0_202-b08) (build 1.8.0_202-b08)
# Java VM: Java HotSpot(TM) 64-Bit Server VM (25.202-b08 mixed mode windows-amd64 compressed oops)
# Problematic frame:
# C  [OpenAL64.dll+0x11066]
#
# Failed to write core dump. Minidumps are not enabled by default on client versions of Windows
#
# If you would like to submit a bug report, please visit:
#   http://bugreport.java.com/bugreport/crash.jsp
# The crash happened outside the Java Virtual Machine in native code.
# See problematic frame for where to report the bug.
#

---------------  T H R E A D  ---------------

Current thread (0x0000000022a96000):  JavaThread "Thread-6" [_thread_in_native, id=16048, stack(0x00000000314f0000,0x00000000315f0000)]

siginfo: ExceptionCode=0xc0000005, reading address 0x000000002118b004

Registers:
RAX=0x0000000008c8080a, RBX=0x0000000031d80090, RCX=0x000000002118b008, RDX=0x000000002118b004
RSP=0x00000000315ef080, RBP=0x00000000000000ff, RSI=0x0000000021185b8c, RDI=0x0000000000000000
R8 =0x000000000000151e, R9 =0x0000000021185b8c, R10=0x00000000032c85fb, R11=0x000000005fd8cf20
R12=0x0000000000000001, R13=0x000000002ea90628, R14=0x00000000315ef218, R15=0x0000000022a96000
RIP=0x000000002e911066, EFLAGS=0x0000000000010202

Top of Stack: (sp=0x00000000315ef080)
0x00000000315ef080:   0000000000000000 000000005fc2e1eb
0x00000000315ef090:   0000000022a96000 0000000022a96000
0x00000000315ef0a0:   000000002ea90628 0000000000000000
0x00000000315ef0b0:   0000000022a96000 0000000021184ac0
0x00000000315ef0c0:   000000002ea90628 00000000315ef218
0x00000000315ef0d0:   0000000020865cb0 000000005fc1c576
0x00000000315ef0e0:   00000000315ef888 00000000208d4060
0x00000000315ef0f0:   0000000022a96000 00000000315ef218
0x00000000315ef100:   000000002ea90628 0000000000000000
0x00000000315ef110:   0000000021185b8c 00000006ca012530
0x00000000315ef120:   00000000315ef1e0 000000002e91248f
0x00000000315ef130:   0000000031d80090 0000000031d80090
0x00000000315ef140:   000000000000ac44 0000000608c8080a
0x00000000315ef150:   0000000000000010 00000000032c8627
0x00000000315ef160:   000000002ea90628 00000000032c835d
0x00000000315ef170:   0000000022a96000 000000002ea90628 

Instructions: (pc=0x000000002e911066)
0x000000002e911046:   41 2b ec 81 3a 03 00 02 00 75 09 8b 01 89 84 24
0x000000002e911056:   c8 00 00 00 49 83 c0 02 48 83 c1 08 4a 8d 14 86
0x000000002e911066:   39 3a 75 af 4c 8d 84 24 c0 00 00 00 48 8d 15 d7
0x000000002e911076:   2b 03 00 33 c9 e8 58 5f 00 00 b8 40 1f 00 00 4c 


Register to memory mapping:

RAX=0x0000000008c8080a is an unknown value
RBX=0x0000000031d80090 is an unknown value
RCX=0x000000002118b008 is an unknown value
RDX=0x000000002118b004 is an unknown value
RSP=0x00000000315ef080 is pointing into the stack for thread: 0x0000000022a96000
RBP=0x00000000000000ff is an unknown value
RSI=0x0000000021185b8c is an unknown value
RDI=0x0000000000000000 is an unknown value
R8 =0x000000000000151e is an unknown value
R9 =0x0000000021185b8c is an unknown value
R10=0x00000000032c85fb is at code_begin+891 in an Interpreter codelet
method entry point (kind = native)  [0x00000000032c8280, 0x00000000032c8c40]  2496 bytes
R11=0x000000005fd8cf20 is an unknown value
R12=0x0000000000000001 is an unknown value
R13={method} {0x000000002ea90630} 'nalcCreateContext' '(JJ)J' in 'org/lwjgl/openal/ALC10'
R14=0x00000000315ef218 is pointing into the stack for thread: 0x0000000022a96000
R15=0x0000000022a96000 is a thread


Stack: [0x00000000314f0000,0x00000000315f0000],  sp=0x00000000315ef080,  free space=1020k
Native frames: (J=compiled Java code, j=interpreted, Vv=VM code, C=native code)
C  [OpenAL64.dll+0x11066]
C  [OpenAL64.dll+0x1248f]
C  0x00000000032c8627

Java frames: (J=compiled Java code, j=interpreted, Vv=VM code)
j  org.lwjgl.openal.ALC10.nalcCreateContext(JJ)J+0
j  org.lwjgl.openal.ALC10.alcCreateContext(Lorg/lwjgl/openal/ALCdevice;Ljava/nio/IntBuffer;)Lorg/lwjgl/openal/ALCcontext;+8
j  org.lwjgl.openal.AL.init(Ljava/lang/String;IIZZ)V+69
j  org.lwjgl.openal.AL.create(Ljava/lang/String;IIZZ)V+246
j  org.lwjgl.openal.AL.create(Ljava/lang/String;IIZ)V+5
j  org.lwjgl.openal.AL.create()V+6
j  paulscode.sound.libraries.LibraryLWJGLOpenAL.init()V+2
j  paulscode.sound.SoundSystem.CommandNewLibrary(Ljava/lang/Class;)V+260
j  paulscode.sound.SoundSystem.CommandQueue(Lpaulscode/sound/CommandObject;)Z+1206
j  paulscode.sound.CommandThread.run()V+51
v  ~StubRoutines::call_stub

---------------  P R O C E S S  ---------------

Java Threads: ( => current thread )
  0x0000000021385800 JavaThread "Thread-7" [_thread_blocked, id=16056, stack(0x0000000031a00000,0x0000000031b00000)]
=>0x0000000022a96000 JavaThread "Thread-6" [_thread_in_native, id=16048, stack(0x00000000314f0000,0x00000000315f0000)]
  0x0000000022a8c800 JavaThread "Sound Library Loader" [_thread_blocked, id=16044, stack(0x00000000313f0000,0x00000000314f0000)]
  0x0000000022a71000 JavaThread "VersionCheck" [_thread_in_native, id=16040, stack(0x000000002e750000,0x000000002e850000)]
  0x00000000208e0800 JavaThread "Java2D Disposer" daemon [_thread_blocked, id=15924, stack(0x0000000023e80000,0x0000000023f80000)]
  0x0000000020973000 JavaThread "Timer hack thread" daemon [_thread_blocked, id=15920, stack(0x0000000023d80000,0x0000000023e80000)]
  0x0000000020e2e000 JavaThread "Snooper Timer" daemon [_thread_blocked, id=15808, stack(0x0000000023900000,0x0000000023a00000)]
  0x0000000020c1d000 JavaThread "Snooper Timer" daemon [_thread_blocked, id=15800, stack(0x0000000023440000,0x0000000023540000)]
  0x000000001e166000 JavaThread "Service Thread" daemon [_thread_blocked, id=15432, stack(0x000000001fb60000,0x000000001fc60000)]
  0x000000001e0da800 JavaThread "C1 CompilerThread3" daemon [_thread_blocked, id=15428, stack(0x000000001fa60000,0x000000001fb60000)]
  0x000000001e0d8000 JavaThread "C2 CompilerThread2" daemon [_thread_in_native, id=15424, stack(0x000000001f960000,0x000000001fa60000)]
  0x000000001e0d7000 JavaThread "C2 CompilerThread1" daemon [_thread_blocked, id=15420, stack(0x000000001f860000,0x000000001f960000)]
  0x000000001c9fb800 JavaThread "C2 CompilerThread0" daemon [_thread_blocked, id=15416, stack(0x000000001f760000,0x000000001f860000)]
  0x000000001c9fa000 JavaThread "Attach Listener" daemon [_thread_blocked, id=15412, stack(0x000000001f660000,0x000000001f760000)]
  0x000000001e0cf000 JavaThread "Signal Dispatcher" daemon [_thread_blocked, id=15408, stack(0x000000001f560000,0x000000001f660000)]
  0x00000000032ab000 JavaThread "Finalizer" daemon [_thread_blocked, id=15404, stack(0x000000001f320000,0x000000001f420000)]
  0x000000001e0b3000 JavaThread "Reference Handler" daemon [_thread_blocked, id=15400, stack(0x000000001f220000,0x000000001f320000)]
  0x00000000031b4000 JavaThread "Client thread" [_thread_in_Java, id=9740, stack(0x00000000030b0000,0x00000000031b0000)]

Other Threads:
  0x000000001c9e5800 VMThread [stack: 0x000000001f120000,0x000000001f220000] [id=15396]
  0x000000001e17d000 WatcherThread [stack: 0x000000001fc60000,0x000000001fd60000] [id=15436]

VM state:not at safepoint (normal execution)

VM Mutex/Monitor currently owned by a thread: None

heap address: 0x00000006ca000000, size: 3936 MB, Compressed Oops mode: Zero based, Oop shift amount: 3
Narrow klass base: 0x0000000000000000, Narrow klass shift: 3
Compressed class space size: 1073741824 Address: 0x00000007c0000000

Heap:
 PSYoungGen      total 214528K, used 29251K [0x000000076e000000, 0x000000077f080000, 0x00000007c0000000)
  eden space 190464K, 2% used [0x000000076e000000,0x000000076e516098,0x0000000779a00000)
  from space 24064K, 99% used [0x000000077bf80000,0x000000077d6facf8,0x000000077d700000)
  to   space 38400K, 0% used [0x0000000779a00000,0x0000000779a00000,0x000000077bf80000)
 ParOldGen       total 115712K, used 50578K [0x00000006ca000000, 0x00000006d1100000, 0x000000076e000000)
  object space 115712K, 43% used [0x00000006ca000000,0x00000006cd164a70,0x00000006d1100000)
 Metaspace       used 31324K, capacity 31553K, committed 31920K, reserved 1077248K
  class space    used 4117K, capacity 4167K, committed 4272K, reserved 1048576K

Card table byte_map: [0x0000000012670000,0x0000000012e30000] byte_map_base: 0x000000000f020000

Marking Bits: (ParMarkBitMap*) 0x0000000060385ce0
 Begin Bits: [0x0000000013d50000, 0x0000000017ad0000)
 End Bits:   [0x0000000017ad0000, 0x000000001b850000)

Polling page: 0x00000000016a0000

CodeCache: size=245760Kb used=7714Kb max_used=7728Kb free=238045Kb
 bounds [0x00000000032b0000, 0x0000000003a50000, 0x00000000122b0000]
 total_blobs=2871 nmethods=2251 adapters=533
 compilation: enabled

Compilation events (10 events):
Event: 3.127 Thread 0x000000001e0da800 nmethod 2226 0x0000000003a2fa10 code [0x0000000003a2fc00, 0x0000000003a30468]
Event: 3.127 Thread 0x000000001e0da800 2225       3       javax.imageio.stream.MemoryCacheImageInputStream::read (123 bytes)
Event: 3.127 Thread 0x000000001e0da800 nmethod 2225 0x0000000003a30850 code [0x0000000003a30a40, 0x0000000003a311a8]
Event: 3.127 Thread 0x000000001e0da800 2228       3       java.awt.image.BufferedImage::getRGB (231 bytes)
Event: 3.128 Thread 0x000000001e0da800 nmethod 2228 0x0000000003a314d0 code [0x0000000003a31720, 0x0000000003a32978]
Event: 3.128 Thread 0x000000001e0d7000 nmethod 2227 0x0000000003a36350 code [0x0000000003a364c0, 0x0000000003a36818]
Event: 3.130 Thread 0x000000001e0da800 2229       3       java.util.Stack::empty (13 bytes)
Event: 3.130 Thread 0x000000001e0da800 nmethod 2229 0x0000000003a35d50 code [0x0000000003a35ec0, 0x0000000003a36290]
Event: 3.130 Thread 0x000000001e0da800 2230       3       java.awt.image.ComponentSampleModel::getNumDataElements (5 bytes)
Event: 3.130 Thread 0x000000001e0da800 nmethod 2230 0x0000000003a35990 code [0x0000000003a35ae0, 0x0000000003a35cd0]

GC Heap History (10 events):
Event: 1.245 GC heap before
{Heap before GC invocations=2 (full 1):
 PSYoungGen      total 73728K, used 5952K [0x000000076e000000, 0x0000000773200000, 0x00000007c0000000)
  eden space 63488K, 0% used [0x000000076e000000,0x000000076e000000,0x0000000771e00000)
  from space 10240K, 58% used [0x0000000771e00000,0x00000007723d03c8,0x0000000772800000)
  to   space 10240K, 0% used [0x0000000772800000,0x0000000772800000,0x0000000773200000)
 ParOldGen       total 167936K, used 72K [0x00000006ca000000, 0x00000006d4400000, 0x000000076e000000)
  object space 167936K, 0% used [0x00000006ca000000,0x00000006ca012010,0x00000006d4400000)
 Metaspace       used 21155K, capacity 21256K, committed 21296K, reserved 1067008K
  class space    used 3056K, capacity 3094K, committed 3120K, reserved 1048576K
Event: 1.256 GC heap after
Heap after GC invocations=2 (full 1):
 PSYoungGen      total 73728K, used 0K [0x000000076e000000, 0x0000000773200000, 0x00000007c0000000)
  eden space 63488K, 0% used [0x000000076e000000,0x000000076e000000,0x0000000771e00000)
  from space 10240K, 0% used [0x0000000771e00000,0x0000000771e00000,0x0000000772800000)
  to   space 10240K, 0% used [0x0000000772800000,0x0000000772800000,0x0000000773200000)
 ParOldGen       total 115712K, used 5721K [0x00000006ca000000, 0x00000006d1100000, 0x000000076e000000)
  object space 115712K, 4% used [0x00000006ca000000,0x00000006ca5966d0,0x00000006d1100000)
 Metaspace       used 21155K, capacity 21256K, committed 21296K, reserved 1067008K
  class space    used 3056K, capacity 3094K, committed 3120K, reserved 1048576K
}
Event: 1.945 GC heap before
{Heap before GC invocations=3 (full 1):
 PSYoungGen      total 73728K, used 63488K [0x000000076e000000, 0x0000000773200000, 0x00000007c0000000)
  eden space 63488K, 100% used [0x000000076e000000,0x0000000771e00000,0x0000000771e00000)
  from space 10240K, 0% used [0x0000000771e00000,0x0000000771e00000,0x0000000772800000)
  to   space 10240K, 0% used [0x0000000772800000,0x0000000772800000,0x0000000773200000)
 ParOldGen       total 115712K, used 5721K [0x00000006ca000000, 0x00000006d1100000, 0x000000076e000000)
  object space 115712K, 4% used [0x00000006ca000000,0x00000006ca5966d0,0x00000006d1100000)
 Metaspace       used 26384K, capacity 26570K, committed 26928K, reserved 1073152K
  class space    used 3722K, capacity 3777K, committed 3888K, reserved 1048576K
Event: 1.951 GC heap after
Heap after GC invocations=3 (full 1):
 PSYoungGen      total 73728K, used 7499K [0x000000076e000000, 0x0000000774c00000, 0x00000007c0000000)
  eden space 63488K, 0% used [0x000000076e000000,0x000000076e000000,0x0000000771e00000)
  from space 10240K, 73% used [0x0000000772800000,0x0000000772f52f88,0x0000000773200000)
  to   space 10240K, 0% used [0x0000000771e00000,0x0000000771e00000,0x0000000772800000)
 ParOldGen       total 115712K, used 15969K [0x00000006ca000000, 0x00000006d1100000, 0x000000076e000000)
  object space 115712K, 13% used [0x00000006ca000000,0x00000006caf986e0,0x00000006d1100000)
 Metaspace       used 26384K, capacity 26570K, committed 26928K, reserved 1073152K
  class space    used 3722K, capacity 3777K, committed 3888K, reserved 1048576K
}
Event: 2.026 GC heap before
{Heap before GC invocations=4 (full 1):
 PSYoungGen      total 73728K, used 70987K [0x000000076e000000, 0x0000000774c00000, 0x00000007c0000000)
  eden space 63488K, 100% used [0x000000076e000000,0x0000000771e00000,0x0000000771e00000)
  from space 10240K, 73% used [0x0000000772800000,0x0000000772f52f88,0x0000000773200000)
  to   space 10240K, 0% used [0x0000000771e00000,0x0000000771e00000,0x0000000772800000)
 ParOldGen       total 115712K, used 15969K [0x00000006ca000000, 0x00000006d1100000, 0x000000076e000000)
  object space 115712K, 13% used [0x00000006ca000000,0x00000006caf986e0,0x00000006d1100000)
 Metaspace       used 26389K, capacity 26570K, committed 26928K, reserved 1073152K
  class space    used 3722K, capacity 3777K, committed 3888K, reserved 1048576K
Event: 2.032 GC heap after
Heap after GC invocations=4 (full 1):
 PSYoungGen      total 73728K, used 9344K [0x000000076e000000, 0x0000000776180000, 0x00000007c0000000)
  eden space 63488K, 0% used [0x000000076e000000,0x000000076e000000,0x0000000771e00000)
  from space 10240K, 91% used [0x0000000771e00000,0x0000000772720140,0x0000000772800000)
  to   space 10240K, 0% used [0x0000000775780000,0x0000000775780000,0x0000000776180000)
 ParOldGen       total 115712K, used 15969K [0x00000006ca000000, 0x00000006d1100000, 0x000000076e000000)
  object space 115712K, 13% used [0x00000006ca000000,0x00000006caf986e0,0x00000006d1100000)
 Metaspace       used 26389K, capacity 26570K, committed 26928K, reserved 1073152K
  class space    used 3722K, capacity 3777K, committed 3888K, reserved 1048576K
}
Event: 2.125 GC heap before
{Heap before GC invocations=5 (full 1):
 PSYoungGen      total 73728K, used 72832K [0x000000076e000000, 0x0000000776180000, 0x00000007c0000000)
  eden space 63488K, 100% used [0x000000076e000000,0x0000000771e00000,0x0000000771e00000)
  from space 10240K, 91% used [0x0000000771e00000,0x0000000772720140,0x0000000772800000)
  to   space 10240K, 0% used [0x0000000775780000,0x0000000775780000,0x0000000776180000)
 ParOldGen       total 115712K, used 15969K [0x00000006ca000000, 0x00000006d1100000, 0x000000076e000000)
  object space 115712K, 13% used [0x00000006ca000000,0x00000006caf986e0,0x00000006d1100000)
 Metaspace       used 26389K, capacity 26570K, committed 26928K, reserved 1073152K
  class space    used 3722K, capacity 3777K, committed 3888K, reserved 1048576K
Event: 2.131 GC heap after
Heap after GC invocations=5 (full 1):
 PSYoungGen      total 122368K, used 10208K [0x000000076e000000, 0x0000000776400000, 0x00000007c0000000)
  eden space 112128K, 0% used [0x000000076e000000,0x000000076e000000,0x0000000774d80000)
  from space 10240K, 99% used [0x0000000775780000,0x0000000776178010,0x0000000776180000)
  to   space 10240K, 0% used [0x0000000774d80000,0x0000000774d80000,0x0000000775780000)
 ParOldGen       total 115712K, used 19241K [0x00000006ca000000, 0x00000006d1100000, 0x000000076e000000)
  object space 115712K, 16% used [0x00000006ca000000,0x00000006cb2ca6f0,0x00000006d1100000)
 Metaspace       used 26389K, capacity 26570K, committed 26928K, reserved 1073152K
  class space    used 3722K, capacity 3777K, committed 3888K, reserved 1048576K
}
Event: 2.311 GC heap before
{Heap before GC invocations=6 (full 1):
 PSYoungGen      total 122368K, used 122336K [0x000000076e000000, 0x0000000776400000, 0x00000007c0000000)
  eden space 112128K, 100% used [0x000000076e000000,0x0000000774d80000,0x0000000774d80000)
  from space 10240K, 99% used [0x0000000775780000,0x0000000776178010,0x0000000776180000)
  to   space 10240K, 0% used [0x0000000774d80000,0x0000000774d80000,0x0000000775780000)
 ParOldGen       total 115712K, used 19241K [0x00000006ca000000, 0x00000006d1100000, 0x000000076e000000)
  object space 115712K, 16% used [0x00000006ca000000,0x00000006cb2ca6f0,0x00000006d1100000)
 Metaspace       used 26939K, capacity 27146K, committed 27440K, reserved 1073152K
  class space    used 3771K, capacity 3841K, committed 3888K, reserved 1048576K
Event: 2.322 GC heap after
Heap after GC invocations=6 (full 1):
 PSYoungGen      total 122368K, used 10231K [0x000000076e000000, 0x000000077d700000, 0x00000007c0000000)
  eden space 112128K, 0% used [0x000000076e000000,0x000000076e000000,0x0000000774d80000)
  from space 10240K, 99% used [0x0000000774d80000,0x000000077577dc50,0x0000000775780000)
  to   space 24064K, 0% used [0x000000077bf80000,0x000000077bf80000,0x000000077d700000)
 ParOldGen       total 115712K, used 33723K [0x00000006ca000000, 0x00000006d1100000, 0x000000076e000000)
  object space 115712K, 29% used [0x00000006ca000000,0x00000006cc0eede0,0x00000006d1100000)
 Metaspace       used 26939K, capacity 27146K, committed 27440K, reserved 1073152K
  class space    used 3771K, capacity 3841K, committed 3888K, reserved 1048576K
}

Deoptimization events (10 events):
Event: 2.755 Thread 0x00000000031b4000 Uncommon trap: reason=bimorphic action=maybe_recompile pc=0x000000000387aad4 method=java.util.regex.Pattern$Start.match(Ljava/util/regex/Matcher;ILjava/lang/CharSequence;)Z @ 44
Event: 2.755 Thread 0x00000000031b4000 Uncommon trap: reason=bimorphic action=maybe_recompile pc=0x0000000003877f40 method=java.util.regex.Pattern$Start.match(Ljava/util/regex/Matcher;ILjava/lang/CharSequence;)Z @ 44
Event: 2.755 Thread 0x00000000031b4000 Uncommon trap: reason=unstable_if action=reinterpret pc=0x0000000003848e84 method=java.util.regex.Pattern$BmpCharProperty.match(Ljava/util/regex/Matcher;ILjava/lang/CharSequence;)Z @ 5
Event: 2.761 Thread 0x00000000031b4000 Uncommon trap: reason=unstable_if action=reinterpret pc=0x000000000364e66c method=com.google.gson.stream.JsonReader.nextNonWhitespace(Z)I @ 61
Event: 2.764 Thread 0x00000000031b4000 Uncommon trap: reason=bimorphic action=maybe_recompile pc=0x000000000379db88 method=com.google.common.collect.TransformedIterator.hasNext()Z @ 4
Event: 2.764 Thread 0x00000000031b4000 Uncommon trap: reason=bimorphic action=maybe_recompile pc=0x000000000379db88 method=com.google.common.collect.TransformedIterator.hasNext()Z @ 4
Event: 2.774 Thread 0x00000000031b4000 Uncommon trap: reason=unstable_if action=reinterpret pc=0x00000000039943c4 method=sun.nio.cs.UTF_8$Decoder.decodeArrayLoop(Ljava/nio/ByteBuffer;Ljava/nio/CharBuffer;)Ljava/nio/charset/CoderResult; @ 84
Event: 2.775 Thread 0x00000000031b4000 Uncommon trap: reason=unstable_if action=reinterpret pc=0x00000000039971f0 method=sun.nio.cs.UTF_8$Decoder.decodeArrayLoop(Ljava/nio/ByteBuffer;Ljava/nio/CharBuffer;)Ljava/nio/charset/CoderResult; @ 84
Event: 2.779 Thread 0x00000000031b4000 Uncommon trap: reason=unstable_if action=reinterpret pc=0x000000000365c5c0 method=com.google.gson.stream.JsonReader.nextQuotedValue(C)Ljava/lang/String; @ 81
Event: 3.124 Thread 0x00000000031b4000 Uncommon trap: reason=unstable_if action=reinterpret pc=0x00000000039e2550 method=java.awt.image.BufferedImage.getRGB(IIII[III)[I @ 163

Classes redefined (0 events):
No events

Internal exceptions (10 events):
Event: 2.335 Thread 0x00000000031b4000 Implicit null exception at 0x00000000036f3b95 to 0x00000000036f3d89
Event: 2.749 Thread 0x00000000031b4000 Implicit null exception at 0x0000000003747dac to 0x0000000003747de2
Event: 2.751 Thread 0x00000000031b4000 Exception <a 'java/lang/UnsatisfiedLinkError': La procédure spécifiée est introuvable.
> (0x000000076f22e2c8) thrown at [C:\re\workspace\8-2-build-windows-amd64-cygwin\jdk8u202\12323\hotspot\src\share\vm\prims\jni.cpp, line 736]
Event: 3.117 Thread 0x0000000022a96000 Exception <a 'java/lang/InterruptedException': sleep interrupted> (0x00000007743cf390) thrown at [C:\re\workspace\8-2-build-windows-amd64-cygwin\jdk8u202\12323\hotspot\src\share\vm\prims\jvm.cpp, line 3336]
Event: 3.122 Thread 0x0000000022a96000 Exception <a 'java/security/PrivilegedActionException'> (0x000000077443e530) thrown at [C:\re\workspace\8-2-build-windows-amd64-cygwin\jdk8u202\12323\hotspot\src\share\vm\prims\jvm.cpp, line 1502]
Event: 3.122 Thread 0x0000000022a96000 Exception <a 'java/security/PrivilegedActionException'> (0x0000000774440040) thrown at [C:\re\workspace\8-2-build-windows-amd64-cygwin\jdk8u202\12323\hotspot\src\share\vm\prims\jvm.cpp, line 1502]
Event: 3.122 Thread 0x0000000022a96000 Exception <a 'java/security/PrivilegedActionException'> (0x0000000774441160) thrown at [C:\re\workspace\8-2-build-windows-amd64-cygwin\jdk8u202\12323\hotspot\src\share\vm\prims\jvm.cpp, line 1502]
Event: 3.123 Thread 0x0000000022a96000 Exception <a 'java/security/PrivilegedActionException'> (0x0000000774446280) thrown at [C:\re\workspace\8-2-build-windows-amd64-cygwin\jdk8u202\12323\hotspot\src\share\vm\prims\jvm.cpp, line 1502]
Event: 3.123 Thread 0x0000000022a96000 Exception <a 'java/security/PrivilegedActionException'> (0x0000000774446ed8) thrown at [C:\re\workspace\8-2-build-windows-amd64-cygwin\jdk8u202\12323\hotspot\src\share\vm\prims\jvm.cpp, line 1502]
Event: 3.123 Thread 0x0000000022a96000 Exception <a 'java/security/PrivilegedActionException'> (0x0000000774447b00) thrown at [C:\re\workspace\8-2-build-windows-amd64-cygwin\jdk8u202\12323\hotspot\src\share\vm\prims\jvm.cpp, line 1502]

Events (10 events):
Event: 3.132 loading class org/lwjgl/openal/ALCdevice
Event: 3.132 loading class org/lwjgl/openal/ALCdevice done
Event: 3.133 loading class org/lwjgl/openal/ALCcontext
Event: 3.133 loading class org/lwjgl/openal/ALCcontext done
Event: 3.133 loading class org/lwjgl/openal/Util
Event: 3.133 loading class org/lwjgl/openal/Util done
Event: 3.133 loading class org/lwjgl/openal/OpenALException
Event: 3.133 loading class org/lwjgl/openal/OpenALException done
Event: 3.133 loading class java/util/Hashtable$KeySet
Event: 3.133 loading class java/util/Hashtable$KeySet done


Dynamic libraries:
0x00007ff62d750000 - 0x00007ff62d787000 	C:\Program Files\Java\jdk1.8.0_202\bin\java.exe
0x00007ffdbc630000 - 0x00007ffdbc847000 	C:\WINDOWS\SYSTEM32\ntdll.dll
0x00007ffdbb5a0000 - 0x00007ffdbb664000 	C:\WINDOWS\System32\KERNEL32.DLL
0x00007ffdb9cd0000 - 0x00007ffdba089000 	C:\WINDOWS\System32\KERNELBASE.dll
0x00007ffdbb750000 - 0x00007ffdbb802000 	C:\WINDOWS\System32\ADVAPI32.dll
0x00007ffdbc320000 - 0x00007ffdbc3c7000 	C:\WINDOWS\System32\msvcrt.dll
0x00007ffdbc060000 - 0x00007ffdbc107000 	C:\WINDOWS\System32\sechost.dll
0x00007ffdba090000 - 0x00007ffdba0b8000 	C:\WINDOWS\System32\bcrypt.dll
0x00007ffdba350000 - 0x00007ffdba464000 	C:\WINDOWS\System32\RPCRT4.dll
0x00007ffdba9f0000 - 0x00007ffdbab9e000 	C:\WINDOWS\System32\USER32.dll
0x00007ffdb9af0000 - 0x00007ffdb9b16000 	C:\WINDOWS\System32\win32u.dll
0x00007ffdbb960000 - 0x00007ffdbb989000 	C:\WINDOWS\System32\GDI32.dll
0x00007ffdba0c0000 - 0x00007ffdba1db000 	C:\WINDOWS\System32\gdi32full.dll
0x00007ffdb9930000 - 0x00007ffdb99ca000 	C:\WINDOWS\System32\msvcp_win.dll
0x00007ffdb99d0000 - 0x00007ffdb9ae1000 	C:\WINDOWS\System32\ucrtbase.dll
0x00007ffda5830000 - 0x00007ffda5ac2000 	C:\WINDOWS\WinSxS\amd64_microsoft.windows.common-controls_6595b64144ccf1df_6.0.22621.4391_none_2715d37f73803e96\COMCTL32.dll
0x00007ffdbb900000 - 0x00007ffdbb931000 	C:\WINDOWS\System32\IMM32.DLL
0x0000000060410000 - 0x00000000604e2000 	C:\Program Files\Java\jdk1.8.0_202\jre\bin\msvcr100.dll
0x000000005fb60000 - 0x0000000060405000 	C:\Program Files\Java\jdk1.8.0_202\jre\bin\server\jvm.dll
0x00007ffdba9e0000 - 0x00007ffdba9e8000 	C:\WINDOWS\System32\PSAPI.DLL
0x00007ffda99d0000 - 0x00007ffda99d9000 	C:\WINDOWS\SYSTEM32\WSOCK32.dll
0x00007ffdaf940000 - 0x00007ffdaf974000 	C:\WINDOWS\SYSTEM32\WINMM.dll
0x00007ffdb2d80000 - 0x00007ffdb2d8a000 	C:\WINDOWS\SYSTEM32\VERSION.dll
0x00007ffdbb880000 - 0x00007ffdbb8f1000 	C:\WINDOWS\System32\WS2_32.dll
0x00007ffda99c0000 - 0x00007ffda99cf000 	C:\Program Files\Java\jdk1.8.0_202\jre\bin\verify.dll
0x00007ffda9990000 - 0x00007ffda99b9000 	C:\Program Files\Java\jdk1.8.0_202\jre\bin\java.dll
0x00007ffda9940000 - 0x00007ffda9956000 	C:\Program Files\Java\jdk1.8.0_202\jre\bin\zip.dll
0x00007ffdbabc0000 - 0x00007ffdbb436000 	C:\WINDOWS\System32\SHELL32.dll
0x00007ffdb7820000 - 0x00007ffdb8123000 	C:\WINDOWS\SYSTEM32\windows.storage.dll
0x00007ffdba650000 - 0x00007ffdba9df000 	C:\WINDOWS\System32\combase.dll
0x00007ffdb76e0000 - 0x00007ffdb781f000 	C:\WINDOWS\SYSTEM32\wintypes.dll
0x00007ffdbc210000 - 0x00007ffdbc309000 	C:\WINDOWS\System32\SHCORE.dll
0x00007ffdbb820000 - 0x00007ffdbb87e000 	C:\WINDOWS\System32\shlwapi.dll
0x00007ffdb9860000 - 0x00007ffdb988b000 	C:\WINDOWS\SYSTEM32\profapi.dll
0x00007ffda9100000 - 0x00007ffda910d000 	C:\Program Files\Java\jdk1.8.0_202\jre\bin\management.dll
0x00007ffda9920000 - 0x00007ffda993a000 	C:\Program Files\Java\jdk1.8.0_202\jre\bin\net.dll
0x00007ffda9710000 - 0x00007ffda9900000 	C:\WINDOWS\SYSTEM32\urlmon.dll
0x00007ffda94e0000 - 0x00007ffda9508000 	C:\WINDOWS\SYSTEM32\srvcli.dll
0x00007ffdb8380000 - 0x00007ffdb838c000 	C:\WINDOWS\SYSTEM32\netutils.dll
0x00007ffda9160000 - 0x00007ffda941e000 	C:\WINDOWS\SYSTEM32\iertutil.dll
0x00007ffdb8da0000 - 0x00007ffdb8e09000 	C:\WINDOWS\system32\mswsock.dll
0x00007ffda9900000 - 0x00007ffda9912000 	C:\Program Files\Java\jdk1.8.0_202\jre\bin\nio.dll
0x00007ffda18e0000 - 0x00007ffda18f7000 	C:\WINDOWS\system32\napinsp.dll
0x00007ffda18c0000 - 0x00007ffda18db000 	C:\WINDOWS\system32\pnrpnsp.dll
0x00007ffdb8400000 - 0x00007ffdb8502000 	C:\WINDOWS\SYSTEM32\DNSAPI.dll
0x00007ffdb8390000 - 0x00007ffdb83bd000 	C:\WINDOWS\SYSTEM32\IPHLPAPI.DLL
0x00007ffdbb810000 - 0x00007ffdbb819000 	C:\WINDOWS\System32\NSI.dll
0x00007ffda18a0000 - 0x00007ffda18b1000 	C:\WINDOWS\System32\winrnr.dll
0x00007ffda1870000 - 0x00007ffda1897000 	C:\WINDOWS\system32\nlansp_c.dll
0x00007ffda13b0000 - 0x00007ffda13c5000 	C:\WINDOWS\system32\wshbth.dll
0x00007ffdb3720000 - 0x00007ffdb37a3000 	C:\WINDOWS\System32\fwpuclnt.dll
0x00007ffdb26e0000 - 0x00007ffdb26ea000 	C:\Windows\System32\rasadhlp.dll
0x0000000180000000 - 0x0000000180053000 	C:\Users\Gamer\Desktop\Programming\Java\Minecraft\Server\Arifureta\Client\natives\lwjgl64.dll
0x00007ffd667a0000 - 0x00007ffd668a0000 	C:\WINDOWS\SYSTEM32\OPENGL32.dll
0x00007ffd66270000 - 0x00007ffd6629d000 	C:\WINDOWS\SYSTEM32\GLU32.dll
0x00007ffdb6f10000 - 0x00007ffdb6f47000 	C:\WINDOWS\SYSTEM32\dxcore.dll
0x00007ffdb90f0000 - 0x00007ffdb910b000 	C:\WINDOWS\SYSTEM32\CRYPTSP.dll
0x00007ffdb8890000 - 0x00007ffdb88c5000 	C:\WINDOWS\system32\rsaenh.dll
0x00007ffdb8e40000 - 0x00007ffdb8e68000 	C:\WINDOWS\SYSTEM32\USERENV.dll
0x00007ffdb9c50000 - 0x00007ffdb9ccb000 	C:\WINDOWS\System32\bcryptprimitives.dll
0x00007ffdb90d0000 - 0x00007ffdb90dc000 	C:\WINDOWS\SYSTEM32\CRYPTBASE.dll
0x00007ffdb4be0000 - 0x00007ffdb4bf9000 	C:\WINDOWS\SYSTEM32\dhcpcsvc6.DLL
0x00007ffdb4ad0000 - 0x00007ffdb4aef000 	C:\WINDOWS\SYSTEM32\dhcpcsvc.DLL
0x00007ffd35c10000 - 0x00007ffd35da9000 	C:\Program Files\Java\jdk1.8.0_202\jre\bin\awt.dll
0x00007ffdbb670000 - 0x00007ffdbb747000 	C:\WINDOWS\System32\OLEAUT32.dll
0x00007ffdb6640000 - 0x00007ffdb66d7000 	C:\WINDOWS\SYSTEM32\apphelp.dll
0x00007ffdafc60000 - 0x00007ffdafd1c000 	C:\WINDOWS\SYSTEM32\mscms.dll
0x00007ffdb88d0000 - 0x00007ffdb88e8000 	C:\WINDOWS\SYSTEM32\kernel.appcore.dll
0x00007ffdba5a0000 - 0x00007ffdba650000 	C:\WINDOWS\System32\clbcatq.dll
0x00007ffd9be90000 - 0x00007ffd9bede000 	C:\Windows\System32\Windows.Internal.Graphics.Display.DisplayColorManagement.dll
0x00007ffdb9550000 - 0x00007ffdb959e000 	C:\WINDOWS\SYSTEM32\cfgmgr32.dll
0x00007ffdb6da0000 - 0x00007ffdb6e51000 	C:\WINDOWS\system32\uxtheme.dll
0x00007ffdbb440000 - 0x00007ffdbb5a0000 	C:\WINDOWS\System32\MSCTF.dll
0x00007ffdac940000 - 0x00007ffdaca85000 	C:\WINDOWS\SYSTEM32\textinputframework.dll
0x00007ffdb6330000 - 0x00007ffdb6463000 	C:\WINDOWS\SYSTEM32\CoreMessaging.dll
0x00007ffdb1f70000 - 0x00007ffdb22dd000 	C:\WINDOWS\SYSTEM32\CoreUIComponents.dll
0x00007ffdb2d90000 - 0x00007ffdb2dd9000 	C:\WINDOWS\SYSTEM32\directxdatabasehelper.dll
0x00007ffdb2eb0000 - 0x00007ffdb2ff4000 	C:\Windows\System32\AppXDeploymentClient.dll
0x00007ffdac8c0000 - 0x00007ffdac8ee000 	C:\WINDOWS\System32\DriverStore\FileRepository\u0403852.inf_amd64_63c1d613d771eff0\B400781\atig6pxx.dll
0x00007ffd2fe20000 - 0x00007ffd342ff000 	C:\WINDOWS\System32\DriverStore\FileRepository\u0403852.inf_amd64_63c1d613d771eff0\B400781\atio6axx.dll
0x00007ffdbbbe0000 - 0x00007ffdbc054000 	C:\WINDOWS\System32\SETUPAPI.dll
0x00007ffdaf8c0000 - 0x00007ffdaf8f5000 	C:\WINDOWS\SYSTEM32\amdihk64.dll
0x00007ffdb7070000 - 0x00007ffdb709b000 	C:\WINDOWS\SYSTEM32\dwmapi.dll
0x00007ffdb9500000 - 0x00007ffdb952c000 	C:\WINDOWS\SYSTEM32\DEVOBJ.dll
0x00007ffdb9b20000 - 0x00007ffdb9b8c000 	C:\WINDOWS\System32\WINTRUST.dll
0x00007ffdba1e0000 - 0x00007ffdba346000 	C:\WINDOWS\System32\CRYPT32.dll
0x00007ffdb9140000 - 0x00007ffdb9152000 	C:\WINDOWS\SYSTEM32\MSASN1.dll
0x00007ffd931b0000 - 0x00007ffd931f9000 	C:\WINDOWS\SYSTEM32\icm32.dll
0x000000002e850000 - 0x000000002e888000 	C:\Users\Gamer\AppData\Local\Temp\jna\jna9025088529171868959.dll
0x000000002e900000 - 0x000000002e964000 	C:\Users\Gamer\Desktop\Programming\Java\Minecraft\Server\Arifureta\Client\natives\OpenAL64.dll
0x00007ffdbb990000 - 0x00007ffdbbb35000 	C:\WINDOWS\System32\ole32.dll
0x00007ffdb2b20000 - 0x00007ffdb2bbe000 	C:\WINDOWS\System32\MMDevApi.dll
0x00007ffd372e0000 - 0x00007ffd37382000 	C:\WINDOWS\SYSTEM32\dsound.dll
0x00007ffd95980000 - 0x00007ffd959a9000 	C:\WINDOWS\SYSTEM32\winmmbase.dll
0x00007ffd35a20000 - 0x00007ffd35ad1000 	C:\WINDOWS\SYSTEM32\ResampleDmo.DLL
0x00007ffdb9800000 - 0x00007ffdb984d000 	C:\WINDOWS\SYSTEM32\powrprof.dll
0x00007ffd9d560000 - 0x00007ffd9d56b000 	C:\WINDOWS\SYSTEM32\msdmo.dll
0x00007ffdb9730000 - 0x00007ffdb9743000 	C:\WINDOWS\SYSTEM32\UMPDC.dll
0x00007ffdad2c0000 - 0x00007ffdad4ad000 	C:\WINDOWS\SYSTEM32\AUDIOSES.DLL
0x00007ffdb37b0000 - 0x00007ffdb39e2000 	C:\WINDOWS\SYSTEM32\dbghelp.dll

VM Arguments:
jvm_args: -Djava.library.path=..\natives -Dfile.encoding=UTF-8 -Duser.country=FR -Duser.language=fr -Duser.variant 
java_command: Start --username=MagiDev
java_class_path (initial): C:\Users\Gamer\Desktop\Programming\Java\Minecraft\Server\Arifureta\Client\build\classes\java\main;C:\Users\Gamer\Desktop\Programming\Java\Minecraft\Server\Arifureta\Client\build\resources\main;C:\Users\Gamer\Desktop\Programming\Java\Minecraft\Server\Arifureta\Client\libs\authlib-1.5.21.jar;C:\Users\Gamer\Desktop\Programming\Java\Minecraft\Server\Arifureta\Client\libs\codecjorbis-20101023.jar;C:\Users\Gamer\Desktop\Programming\Java\Minecraft\Server\Arifureta\Client\libs\codecwav-20101023.jar;C:\Users\Gamer\Desktop\Programming\Java\Minecraft\Server\Arifureta\Client\libs\commons-codec-1.9.jar;C:\Users\Gamer\Desktop\Programming\Java\Minecraft\Server\Arifureta\Client\libs\commons-compress-1.8.1.jar;C:\Users\Gamer\Desktop\Programming\Java\Minecraft\Server\Arifureta\Client\libs\commons-io-2.4.jar;C:\Users\Gamer\Desktop\Programming\Java\Minecraft\Server\Arifureta\Client\libs\commons-lang3-3.3.2.jar;C:\Users\Gamer\Desktop\Programming\Java\Minecraft\Server\Arifureta\Client\libs\commons-logging-1.1.3.jar;C:\Users\Gamer\Desktop\Programming\Java\Minecraft\Server\Arifureta\Client\libs\gson-2.2.4.jar;C:\Users\Gamer\Desktop\Programming\Java\Minecraft\Server\Arifureta\Client\libs\guava-17.0.jar;C:\Users\Gamer\Desktop\Programming\Java\Minecraft\Server\Arifureta\Client\libs\httpclient-4.3.3.jar;C:\Users\Gamer\Desktop\Programming\Java\Minecraft\Server\Arifureta\Client\libs\httpcore-4.3.2.jar;C:\Users\Gamer\Desktop\Programming\Java\Minecraft\Server\Arifureta\Client\libs\icu4j-core-mojang-51.2.jar;C:\Users\Gamer\Desktop\Programming\Java\Minecraft\Server\Arifureta\Client\libs\jinput-2.0.5.jar;C:\Users\Gamer\Desktop\Programming\Java\Minecraft\Server\Arifureta\Client\libs\jna-3.4.0.jar;C:\Users\Gamer\Desktop\Programming\Java\Minecraft\Server\Arifureta\Client\libs\jopt-simple-4.6.jar;C:\Users\Gamer\Desktop\Programming\Java\Minecraft\Server\Arifureta\Client\libs\jutils-1.0.0.jar;C:\Users\Gamer\Desktop\Programming\Java\Minecraft\Server\Arifureta\Client\libs\library
Launcher Type: SUN_STANDARD

Environment Variables:
JAVA_HOME=C:\Program Files\Java\jdk1.8.0_202
PATH=C:\Program Files\Common Files\Oracle\Java\javapath;C:\Program Files (x86)\Common Files\Oracle\Java\javapath;C:\Program Files (x86)\Common Files\Intel\Shared Libraries\redist\intel64\compiler;C:\WINDOWS\system32;C:\WINDOWS;C:\WINDOWS\System32\Wbem;C:\WINDOWS\System32\WindowsPowerShell\v1.0\;C:\WINDOWS\System32\OpenSSH\;C:\Program Files\Git\cmd;C:\Program Files (x86)\Windows Kits\10\Windows Performance Toolkit\;C:\Program Files\CMake\bin;C:\MinGW\bin;C:\Program Files\dotnet\;C:\Program Files\Java\jdk1.8.0_202\bin;C:\ProgramData\chocolatey\bin;C:\Curl\bin;C:\Program Files\nodejs\;C:\msys64\ucrt64\bin;C:\Users\Gamer\AppData\Local\Programs\Python\Python312\Scripts\;C:\Users\Gamer\AppData\Local\Programs\Python\Python312\;C:\Users\Gamer\AppData\Local\Programs\Python\Launcher\;C:\Users\Gamer\AppData\Local\Microsoft\WindowsApps;C:\Users\Gamer\AppData\Local\Programs\Microsoft VS Code\bin;C:\Users\Gamer\AppData\Roaming\npm;C:\Users\Gamer\AppData\Local\JetBrains\Toolbox\scripts;
USERNAME=Gamer
OS=Windows_NT
PROCESSOR_IDENTIFIER=AMD64 Family 25 Model 80 Stepping 0, AuthenticAMD



---------------  S Y S T E M  ---------------

OS: Windows 10.0 , 64 bit Build 22621 (10.0.22621.4391)

CPU:total 12 (initial active 12) (12 cores per cpu, 1 threads per core) family 25 model 80 stepping 0, cmov, cx8, fxsr, mmx, sse, sse2, sse3, ssse3, sse4.1, sse4.2, popcnt, avx, avx2, aes, clmul, erms, mmxext, 3dnowpref, lzcnt, sse4a, tsc, tscinvbit, tscinv, bmi1

Memory: 4k page, physical 16118352k(5494448k free), swap 17166928k(2965632k free)

vm_info: Java HotSpot(TM) 64-Bit Server VM (25.202-b08) for windows-amd64 JRE (1.8.0_202-b08), built on Dec 15 2018 19:54:30 by "java_re" with MS VC++ 10.0 (VS2010)

time: Sat Nov 30 10:07:23 2024
timezone: Paris, Madrid
elapsed time: 3 seconds (0d 0h 0m 3s)

