#
# A fatal error has been detected by the Java Runtime Environment:
#
#  EXCEPTION_ACCESS_VIOLATION (0xc0000005) at pc=0x00000000312a1066, pid=3952, tid=0x0000000000000b40
#
# JRE version: Java(TM) SE Runtime Environment (8.0_202-b08) (build 1.8.0_202-b08)
# Java VM: Java HotSpot(TM) 64-Bit Server VM (25.202-b08 mixed mode windows-amd64 compressed oops)
# Problematic frame:
# C  [OpenAL64.dll+0x11066]
#
# Failed to write core dump. Minidumps are not enabled by default on client versions of Windows
#
# If you would like to submit a bug report, please visit:
#   http://bugreport.java.com/bugreport/crash.jsp
# The crash happened outside the Java Virtual Machine in native code.
# See problematic frame for where to report the bug.
#

---------------  T H R E A D  ---------------

Current thread (0x0000000022414800):  JavaThread "Thread-6" [_thread_in_native, id=2880, stack(0x0000000031090000,0x0000000031190000)]

siginfo: ExceptionCode=0xc0000005, reading address 0x0000000020b26004

Registers:
RAX=0x0000000008c8080a, RBX=0x0000000031550090, RCX=0x0000000020b26008, RDX=0x0000000020b26004
RSP=0x000000003118ee60, RBP=0x00000000000000ff, RSI=0x0000000020b2031c, RDI=0x0000000000000000
R8 =0x000000000000173a, R9 =0x0000000020b2031c, R10=0x0000000002bb85fb, R11=0x000000005870cf20
R12=0x0000000000000001, R13=0x000000002e638848, R14=0x000000003118eff8, R15=0x0000000022414800
RIP=0x00000000312a1066, EFLAGS=0x0000000000010202

Top of Stack: (sp=0x000000003118ee60)
0x000000003118ee60:   0000000000000000 00000000585ae1eb
0x000000003118ee70:   0000000022414800 0000000022414800
0x000000003118ee80:   000000002e638848 0000000000000000
0x000000003118ee90:   0000000022414800 0000000020b1f100
0x000000003118eea0:   000000002e638848 000000003118eff8
0x000000003118eeb0:   0000000020dcf040 000000005859c576
0x000000003118eec0:   000000003118f668 000000001da8c0f0
0x000000003118eed0:   0000000022414800 000000003118eff8
0x000000003118eee0:   000000002e638848 0000000000000000
0x000000003118eef0:   0000000020b2031c 00000006ca01a700
0x000000003118ef00:   000000003118efc0 00000000312a248f
0x000000003118ef10:   0000000031550090 0000000031550090
0x000000003118ef20:   000000000000ac44 0000000608c8080a
0x000000003118ef30:   0000000000000010 0000000002bb8627
0x000000003118ef40:   000000002e638848 0000000002bb835d
0x000000003118ef50:   0000000022414800 000000002e638848 

Instructions: (pc=0x00000000312a1066)
0x00000000312a1046:   41 2b ec 81 3a 03 00 02 00 75 09 8b 01 89 84 24
0x00000000312a1056:   c8 00 00 00 49 83 c0 02 48 83 c1 08 4a 8d 14 86
0x00000000312a1066:   39 3a 75 af 4c 8d 84 24 c0 00 00 00 48 8d 15 d7
0x00000000312a1076:   2b 03 00 33 c9 e8 58 5f 00 00 b8 40 1f 00 00 4c 


Register to memory mapping:

RAX=0x0000000008c8080a is an unknown value
RBX=0x0000000031550090 is an unknown value
RCX=0x0000000020b26008 is an unknown value
RDX=0x0000000020b26004 is an unknown value
RSP=0x000000003118ee60 is pointing into the stack for thread: 0x0000000022414800
RBP=0x00000000000000ff is an unknown value
RSI=0x0000000020b2031c is an unknown value
RDI=0x0000000000000000 is an unknown value
R8 =0x000000000000173a is an unknown value
R9 =0x0000000020b2031c is an unknown value
R10=0x0000000002bb85fb is at code_begin+891 in an Interpreter codelet
method entry point (kind = native)  [0x0000000002bb8280, 0x0000000002bb8c40]  2496 bytes
R11=0x000000005870cf20 is an unknown value
R12=0x0000000000000001 is an unknown value
R13={method} {0x000000002e638850} 'nalcCreateContext' '(JJ)J' in 'org/lwjgl/openal/ALC10'
R14=0x000000003118eff8 is pointing into the stack for thread: 0x0000000022414800
R15=0x0000000022414800 is a thread


Stack: [0x0000000031090000,0x0000000031190000],  sp=0x000000003118ee60,  free space=1019k
Native frames: (J=compiled Java code, j=interpreted, Vv=VM code, C=native code)
C  [OpenAL64.dll+0x11066]
C  [OpenAL64.dll+0x1248f]
C  0x0000000002bb8627

Java frames: (J=compiled Java code, j=interpreted, Vv=VM code)
j  org.lwjgl.openal.ALC10.nalcCreateContext(JJ)J+0
j  org.lwjgl.openal.ALC10.alcCreateContext(Lorg/lwjgl/openal/ALCdevice;Ljava/nio/IntBuffer;)Lorg/lwjgl/openal/ALCcontext;+8
j  org.lwjgl.openal.AL.init(Ljava/lang/String;IIZZ)V+69
j  org.lwjgl.openal.AL.create(Ljava/lang/String;IIZZ)V+246
j  org.lwjgl.openal.AL.create(Ljava/lang/String;IIZ)V+5
j  org.lwjgl.openal.AL.create()V+6
j  paulscode.sound.libraries.LibraryLWJGLOpenAL.init()V+2
j  paulscode.sound.SoundSystem.CommandNewLibrary(Ljava/lang/Class;)V+260
j  paulscode.sound.SoundSystem.CommandQueue(Lpaulscode/sound/CommandObject;)Z+1206
j  paulscode.sound.CommandThread.run()V+51
v  ~StubRoutines::call_stub

---------------  P R O C E S S  ---------------

Java Threads: ( => current thread )
  0x0000000020c06000 JavaThread "Thread-7" [_thread_blocked, id=12544, stack(0x0000000031190000,0x0000000031290000)]
=>0x0000000022414800 JavaThread "Thread-6" [_thread_in_native, id=2880, stack(0x0000000031090000,0x0000000031190000)]
  0x0000000020743000 JavaThread "Sound Library Loader" [_thread_blocked, id=7564, stack(0x000000002e340000,0x000000002e440000)]
  0x0000000022413000 JavaThread "Keep-Alive-Timer" daemon [_thread_blocked, id=15252, stack(0x0000000030f90000,0x0000000031090000)]
  0x00000000201c2000 JavaThread "Java2D Disposer" daemon [_thread_blocked, id=14572, stack(0x0000000023820000,0x0000000023920000)]
  0x00000000201bd800 JavaThread "Timer hack thread" daemon [_thread_blocked, id=2536, stack(0x0000000023720000,0x0000000023820000)]
  0x000000002031b800 JavaThread "Snooper Timer" daemon [_thread_blocked, id=14608, stack(0x0000000023250000,0x0000000023350000)]
  0x0000000021fb7800 JavaThread "Snooper Timer" daemon [_thread_blocked, id=2040, stack(0x0000000022e50000,0x0000000022f50000)]
  0x000000001dacf000 JavaThread "Service Thread" daemon [_thread_blocked, id=1608, stack(0x000000001f4c0000,0x000000001f5c0000)]
  0x000000001da47800 JavaThread "C1 CompilerThread3" daemon [_thread_blocked, id=6192, stack(0x000000001f3c0000,0x000000001f4c0000)]
  0x000000001da47000 JavaThread "C2 CompilerThread2" daemon [_thread_blocked, id=1304, stack(0x000000001f2c0000,0x000000001f3c0000)]
  0x000000001da42000 JavaThread "C2 CompilerThread1" daemon [_thread_in_native, id=5872, stack(0x000000001f1c0000,0x000000001f2c0000)]
  0x000000001da3c800 JavaThread "C2 CompilerThread0" daemon [_thread_blocked, id=840, stack(0x000000001f0c0000,0x000000001f1c0000)]
  0x000000001da3a800 JavaThread "Attach Listener" daemon [_thread_blocked, id=9732, stack(0x000000001efc0000,0x000000001f0c0000)]
  0x000000001da38000 JavaThread "Signal Dispatcher" daemon [_thread_blocked, id=12492, stack(0x000000001eec0000,0x000000001efc0000)]
  0x000000001c332800 JavaThread "Finalizer" daemon [_thread_blocked, id=13412, stack(0x000000001ec80000,0x000000001ed80000)]
  0x000000001da23000 JavaThread "Reference Handler" daemon [_thread_blocked, id=14272, stack(0x000000001eb80000,0x000000001ec80000)]
  0x0000000002aa4000 JavaThread "Client thread" [_thread_in_native, id=14376, stack(0x00000000029a0000,0x0000000002aa0000)]

Other Threads:
  0x000000001c326800 VMThread [stack: 0x000000001ea80000,0x000000001eb80000] [id=11396]
  0x000000001daea800 WatcherThread [stack: 0x000000001f5c0000,0x000000001f6c0000] [id=14920]

VM state:not at safepoint (normal execution)

VM Mutex/Monitor currently owned by a thread: None

heap address: 0x00000006ca000000, size: 3936 MB, Compressed Oops mode: Zero based, Oop shift amount: 3
Narrow klass base: 0x0000000000000000, Narrow klass shift: 3
Compressed class space size: 1073741824 Address: 0x00000007c0000000

Heap:
 PSYoungGen      total 116736K, used 111768K [0x000000076e000000, 0x000000077c880000, 0x00000007c0000000)
  eden space 106496K, 95% used [0x000000076e000000,0x000000077432c630,0x0000000774800000)
  from space 10240K, 99% used [0x0000000774800000,0x00000007751f9c50,0x0000000775200000)
  to   space 23552K, 0% used [0x000000077b180000,0x000000077b180000,0x000000077c880000)
 ParOldGen       total 114176K, used 32968K [0x00000006ca000000, 0x00000006d0f80000, 0x000000076e000000)
  object space 114176K, 28% used [0x00000006ca000000,0x00000006cc032388,0x00000006d0f80000)
 Metaspace       used 31341K, capacity 31585K, committed 31920K, reserved 1077248K
  class space    used 4129K, capacity 4199K, committed 4272K, reserved 1048576K

Card table byte_map: [0x0000000011f60000,0x0000000012720000] byte_map_base: 0x000000000e910000

Marking Bits: (ParMarkBitMap*) 0x0000000058d05ce0
 Begin Bits: [0x0000000013640000, 0x00000000173c0000)
 End Bits:   [0x00000000173c0000, 0x000000001b140000)

Polling page: 0x00000000010e0000

CodeCache: size=245760Kb used=7664Kb max_used=7686Kb free=238096Kb
 bounds [0x0000000002ba0000, 0x0000000003330000, 0x0000000011ba0000]
 total_blobs=2852 nmethods=2237 adapters=528
 compilation: enabled

Compilation events (10 events):
Event: 3.145 Thread 0x000000001da47800 2232       3       net.minecraft.client.audio.SoundEventAccessor::<init> (15 bytes)
Event: 3.145 Thread 0x000000001da47800 nmethod 2232 0x0000000003318090 code [0x00000000033181e0, 0x00000000033183b0]
Event: 3.145 Thread 0x000000001da47800 2233       3       net.minecraft.client.audio.SoundEventAccessorComposite::addSoundToEventPool (12 bytes)
Event: 3.145 Thread 0x000000001da47800 nmethod 2233 0x0000000003318450 code [0x00000000033185c0, 0x00000000033187e8]
Event: 3.167 Thread 0x000000001da47000 2234       4       java.io.WinNTFileSystem::prefixLength (91 bytes)
Event: 3.168 Thread 0x000000001da47800 2235       1       java.util.concurrent.atomic.AtomicLong::get (5 bytes)
Event: 3.168 Thread 0x000000001da47800 nmethod 2235 0x0000000003318ad0 code [0x0000000003318c20, 0x0000000003318d30]
Event: 3.168 Thread 0x000000001da47800 2236       1       java.util.concurrent.atomic.AtomicLong::compareAndSet (13 bytes)
Event: 3.168 Thread 0x000000001da47800 nmethod 2236 0x0000000003318d90 code [0x0000000003318ee0, 0x0000000003319010]
Event: 3.168 Thread 0x000000001da47000 nmethod 2234 0x000000000331be50 code [0x000000000331bfa0, 0x000000000331c1b8]

GC Heap History (10 events):
Event: 1.217 GC heap before
{Heap before GC invocations=2 (full 1):
 PSYoungGen      total 73728K, used 6019K [0x000000076e000000, 0x0000000773200000, 0x00000007c0000000)
  eden space 63488K, 0% used [0x000000076e000000,0x000000076e000000,0x0000000771e00000)
  from space 10240K, 58% used [0x0000000771e00000,0x00000007723e0f48,0x0000000772800000)
  to   space 10240K, 0% used [0x0000000772800000,0x0000000772800000,0x0000000773200000)
 ParOldGen       total 167936K, used 72K [0x00000006ca000000, 0x00000006d4400000, 0x000000076e000000)
  object space 167936K, 0% used [0x00000006ca000000,0x00000006ca012010,0x00000006d4400000)
 Metaspace       used 21153K, capacity 21256K, committed 21296K, reserved 1067008K
  class space    used 3056K, capacity 3094K, committed 3120K, reserved 1048576K
Event: 1.231 GC heap after
Heap after GC invocations=2 (full 1):
 PSYoungGen      total 73728K, used 0K [0x000000076e000000, 0x0000000773200000, 0x00000007c0000000)
  eden space 63488K, 0% used [0x000000076e000000,0x000000076e000000,0x0000000771e00000)
  from space 10240K, 0% used [0x0000000771e00000,0x0000000771e00000,0x0000000772800000)
  to   space 10240K, 0% used [0x0000000772800000,0x0000000772800000,0x0000000773200000)
 ParOldGen       total 114176K, used 5728K [0x00000006ca000000, 0x00000006d0f80000, 0x000000076e000000)
  object space 114176K, 5% used [0x00000006ca000000,0x00000006ca598118,0x00000006d0f80000)
 Metaspace       used 21153K, capacity 21256K, committed 21296K, reserved 1067008K
  class space    used 3056K, capacity 3094K, committed 3120K, reserved 1048576K
}
Event: 1.902 GC heap before
{Heap before GC invocations=3 (full 1):
 PSYoungGen      total 73728K, used 63488K [0x000000076e000000, 0x0000000773200000, 0x00000007c0000000)
  eden space 63488K, 100% used [0x000000076e000000,0x0000000771e00000,0x0000000771e00000)
  from space 10240K, 0% used [0x0000000771e00000,0x0000000771e00000,0x0000000772800000)
  to   space 10240K, 0% used [0x0000000772800000,0x0000000772800000,0x0000000773200000)
 ParOldGen       total 114176K, used 5728K [0x00000006ca000000, 0x00000006d0f80000, 0x000000076e000000)
  object space 114176K, 5% used [0x00000006ca000000,0x00000006ca598118,0x00000006d0f80000)
 Metaspace       used 26385K, capacity 26570K, committed 26928K, reserved 1073152K
  class space    used 3722K, capacity 3777K, committed 3888K, reserved 1048576K
Event: 1.909 GC heap after
Heap after GC invocations=3 (full 1):
 PSYoungGen      total 73728K, used 7507K [0x000000076e000000, 0x0000000774b00000, 0x00000007c0000000)
  eden space 63488K, 0% used [0x000000076e000000,0x000000076e000000,0x0000000771e00000)
  from space 10240K, 73% used [0x0000000772800000,0x0000000772f54cb0,0x0000000773200000)
  to   space 10240K, 0% used [0x0000000771e00000,0x0000000771e00000,0x0000000772800000)
 ParOldGen       total 114176K, used 15976K [0x00000006ca000000, 0x00000006d0f80000, 0x000000076e000000)
  object space 114176K, 13% used [0x00000006ca000000,0x00000006caf9a128,0x00000006d0f80000)
 Metaspace       used 26385K, capacity 26570K, committed 26928K, reserved 1073152K
  class space    used 3722K, capacity 3777K, committed 3888K, reserved 1048576K
}
Event: 1.989 GC heap before
{Heap before GC invocations=4 (full 1):
 PSYoungGen      total 73728K, used 70995K [0x000000076e000000, 0x0000000774b00000, 0x00000007c0000000)
  eden space 63488K, 100% used [0x000000076e000000,0x0000000771e00000,0x0000000771e00000)
  from space 10240K, 73% used [0x0000000772800000,0x0000000772f54cb0,0x0000000773200000)
  to   space 10240K, 0% used [0x0000000771e00000,0x0000000771e00000,0x0000000772800000)
 ParOldGen       total 114176K, used 15976K [0x00000006ca000000, 0x00000006d0f80000, 0x000000076e000000)
  object space 114176K, 13% used [0x00000006ca000000,0x00000006caf9a128,0x00000006d0f80000)
 Metaspace       used 26394K, capacity 26570K, committed 26928K, reserved 1073152K
  class space    used 3722K, capacity 3777K, committed 3888K, reserved 1048576K
Event: 1.994 GC heap after
Heap after GC invocations=4 (full 1):
 PSYoungGen      total 73728K, used 9408K [0x000000076e000000, 0x0000000775c00000, 0x00000007c0000000)
  eden space 63488K, 0% used [0x000000076e000000,0x000000076e000000,0x0000000771e00000)
  from space 10240K, 91% used [0x0000000771e00000,0x0000000772730010,0x0000000772800000)
  to   space 10240K, 0% used [0x0000000775200000,0x0000000775200000,0x0000000775c00000)
 ParOldGen       total 114176K, used 15984K [0x00000006ca000000, 0x00000006d0f80000, 0x000000076e000000)
  object space 114176K, 13% used [0x00000006ca000000,0x00000006caf9c128,0x00000006d0f80000)
 Metaspace       used 26394K, capacity 26570K, committed 26928K, reserved 1073152K
  class space    used 3722K, capacity 3777K, committed 3888K, reserved 1048576K
}
Event: 2.057 GC heap before
{Heap before GC invocations=5 (full 1):
 PSYoungGen      total 73728K, used 72896K [0x000000076e000000, 0x0000000775c00000, 0x00000007c0000000)
  eden space 63488K, 100% used [0x000000076e000000,0x0000000771e00000,0x0000000771e00000)
  from space 10240K, 91% used [0x0000000771e00000,0x0000000772730010,0x0000000772800000)
  to   space 10240K, 0% used [0x0000000775200000,0x0000000775200000,0x0000000775c00000)
 ParOldGen       total 114176K, used 15984K [0x00000006ca000000, 0x00000006d0f80000, 0x000000076e000000)
  object space 114176K, 13% used [0x00000006ca000000,0x00000006caf9c128,0x00000006d0f80000)
 Metaspace       used 26394K, capacity 26570K, committed 26928K, reserved 1073152K
  class space    used 3722K, capacity 3777K, committed 3888K, reserved 1048576K
Event: 2.062 GC heap after
Heap after GC invocations=5 (full 1):
 PSYoungGen      total 116736K, used 10224K [0x000000076e000000, 0x0000000776180000, 0x00000007c0000000)
  eden space 106496K, 0% used [0x000000076e000000,0x000000076e000000,0x0000000774800000)
  from space 10240K, 99% used [0x0000000775200000,0x0000000775bfc130,0x0000000775c00000)
  to   space 10240K, 0% used [0x0000000774800000,0x0000000774800000,0x0000000775200000)
 ParOldGen       total 114176K, used 19304K [0x00000006ca000000, 0x00000006d0f80000, 0x000000076e000000)
  object space 114176K, 16% used [0x00000006ca000000,0x00000006cb2da138,0x00000006d0f80000)
 Metaspace       used 26394K, capacity 26570K, committed 26928K, reserved 1073152K
  class space    used 3722K, capacity 3777K, committed 3888K, reserved 1048576K
}
Event: 2.206 GC heap before
{Heap before GC invocations=6 (full 1):
 PSYoungGen      total 116736K, used 116720K [0x000000076e000000, 0x0000000776180000, 0x00000007c0000000)
  eden space 106496K, 100% used [0x000000076e000000,0x0000000774800000,0x0000000774800000)
  from space 10240K, 99% used [0x0000000775200000,0x0000000775bfc130,0x0000000775c00000)
  to   space 10240K, 0% used [0x0000000774800000,0x0000000774800000,0x0000000775200000)
 ParOldGen       total 114176K, used 19304K [0x00000006ca000000, 0x00000006d0f80000, 0x000000076e000000)
  object space 114176K, 16% used [0x00000006ca000000,0x00000006cb2da138,0x00000006d0f80000)
 Metaspace       used 26909K, capacity 27146K, committed 27440K, reserved 1073152K
  class space    used 3770K, capacity 3841K, committed 3888K, reserved 1048576K
Event: 2.216 GC heap after
Heap after GC invocations=6 (full 1):
 PSYoungGen      total 116736K, used 10215K [0x000000076e000000, 0x000000077c880000, 0x00000007c0000000)
  eden space 106496K, 0% used [0x000000076e000000,0x000000076e000000,0x0000000774800000)
  from space 10240K, 99% used [0x0000000774800000,0x00000007751f9c50,0x0000000775200000)
  to   space 23552K, 0% used [0x000000077b180000,0x000000077b180000,0x000000077c880000)
 ParOldGen       total 114176K, used 32968K [0x00000006ca000000, 0x00000006d0f80000, 0x000000076e000000)
  object space 114176K, 28% used [0x00000006ca000000,0x00000006cc032388,0x00000006d0f80000)
 Metaspace       used 26909K, capacity 27146K, committed 27440K, reserved 1073152K
  class space    used 3770K, capacity 3841K, committed 3888K, reserved 1048576K
}

Deoptimization events (10 events):
Event: 2.713 Thread 0x0000000002aa4000 Uncommon trap: reason=bimorphic action=maybe_recompile pc=0x00000000031764e4 method=java.util.regex.Pattern$Start.match(Ljava/util/regex/Matcher;ILjava/lang/CharSequence;)Z @ 44
Event: 2.713 Thread 0x0000000002aa4000 Uncommon trap: reason=bimorphic action=maybe_recompile pc=0x0000000003177698 method=java.util.regex.Pattern$Start.match(Ljava/util/regex/Matcher;ILjava/lang/CharSequence;)Z @ 44
Event: 2.713 Thread 0x0000000002aa4000 Uncommon trap: reason=unstable_if action=reinterpret pc=0x000000000314b604 method=java.util.regex.Pattern$BmpCharProperty.match(Ljava/util/regex/Matcher;ILjava/lang/CharSequence;)Z @ 5
Event: 2.723 Thread 0x0000000002aa4000 Uncommon trap: reason=unstable_if action=reinterpret pc=0x0000000002f3efac method=com.google.gson.stream.JsonReader.nextNonWhitespace(Z)I @ 61
Event: 2.728 Thread 0x0000000002aa4000 Uncommon trap: reason=bimorphic action=maybe_recompile pc=0x00000000030b4330 method=com.google.common.collect.TransformedIterator.hasNext()Z @ 4
Event: 2.728 Thread 0x0000000002aa4000 Uncommon trap: reason=bimorphic action=maybe_recompile pc=0x00000000030b4330 method=com.google.common.collect.TransformedIterator.hasNext()Z @ 4
Event: 2.741 Thread 0x0000000002aa4000 Uncommon trap: reason=unstable_if action=reinterpret pc=0x00000000032880c4 method=sun.nio.cs.UTF_8$Decoder.decodeArrayLoop(Ljava/nio/ByteBuffer;Ljava/nio/CharBuffer;)Ljava/nio/charset/CoderResult; @ 84
Event: 2.743 Thread 0x0000000002aa4000 Uncommon trap: reason=unstable_if action=reinterpret pc=0x0000000003276c30 method=sun.nio.cs.UTF_8$Decoder.decodeArrayLoop(Ljava/nio/ByteBuffer;Ljava/nio/CharBuffer;)Ljava/nio/charset/CoderResult; @ 84
Event: 2.756 Thread 0x0000000002aa4000 Uncommon trap: reason=unstable_if action=reinterpret pc=0x0000000002f4bc40 method=com.google.gson.stream.JsonReader.nextQuotedValue(C)Ljava/lang/String; @ 81
Event: 2.922 Thread 0x0000000020743000 Uncommon trap: reason=unstable_if action=reinterpret pc=0x0000000002e2f888 method=java.lang.String.regionMatches(ZILjava/lang/String;II)Z @ 123

Classes redefined (0 events):
No events

Internal exceptions (10 events):
Event: 2.239 Thread 0x0000000002aa4000 Implicit null exception at 0x0000000002fe9ed5 to 0x0000000002fea0d9
Event: 2.703 Thread 0x0000000002aa4000 Implicit null exception at 0x000000000301dfac to 0x000000000301dfe2
Event: 2.707 Thread 0x0000000002aa4000 Exception <a 'java/lang/UnsatisfiedLinkError': La procédure spécifiée est introuvable.
> (0x000000076f48dba0) thrown at [C:\re\workspace\8-2-build-windows-amd64-cygwin\jdk8u202\12323\hotspot\src\share\vm\prims\jni.cpp, line 736]
Event: 3.140 Thread 0x0000000022414800 Exception <a 'java/lang/InterruptedException': sleep interrupted> (0x0000000773bfa370) thrown at [C:\re\workspace\8-2-build-windows-amd64-cygwin\jdk8u202\12323\hotspot\src\share\vm\prims\jvm.cpp, line 3336]
Event: 3.149 Thread 0x0000000022414800 Exception <a 'java/security/PrivilegedActionException'> (0x0000000773c69688) thrown at [C:\re\workspace\8-2-build-windows-amd64-cygwin\jdk8u202\12323\hotspot\src\share\vm\prims\jvm.cpp, line 1502]
Event: 3.149 Thread 0x0000000022414800 Exception <a 'java/security/PrivilegedActionException'> (0x0000000773c6b198) thrown at [C:\re\workspace\8-2-build-windows-amd64-cygwin\jdk8u202\12323\hotspot\src\share\vm\prims\jvm.cpp, line 1502]
Event: 3.149 Thread 0x0000000022414800 Exception <a 'java/security/PrivilegedActionException'> (0x0000000773c6c2b8) thrown at [C:\re\workspace\8-2-build-windows-amd64-cygwin\jdk8u202\12323\hotspot\src\share\vm\prims\jvm.cpp, line 1502]
Event: 3.149 Thread 0x0000000022414800 Exception <a 'java/security/PrivilegedActionException'> (0x0000000773c713d8) thrown at [C:\re\workspace\8-2-build-windows-amd64-cygwin\jdk8u202\12323\hotspot\src\share\vm\prims\jvm.cpp, line 1502]
Event: 3.149 Thread 0x0000000022414800 Exception <a 'java/security/PrivilegedActionException'> (0x0000000773c72030) thrown at [C:\re\workspace\8-2-build-windows-amd64-cygwin\jdk8u202\12323\hotspot\src\share\vm\prims\jvm.cpp, line 1502]
Event: 3.149 Thread 0x0000000022414800 Exception <a 'java/security/PrivilegedActionException'> (0x0000000773c72c58) thrown at [C:\re\workspace\8-2-build-windows-amd64-cygwin\jdk8u202\12323\hotspot\src\share\vm\prims\jvm.cpp, line 1502]

Events (10 events):
Event: 3.153 loading class org/lwjgl/openal/ALC10
Event: 3.153 loading class org/lwjgl/openal/ALC10 done
Event: 3.167 loading class org/lwjgl/openal/ALCdevice
Event: 3.167 loading class org/lwjgl/openal/ALCdevice done
Event: 3.168 loading class org/lwjgl/openal/ALCcontext
Event: 3.168 loading class org/lwjgl/openal/ALCcontext done
Event: 3.168 loading class org/lwjgl/openal/Util
Event: 3.168 loading class org/lwjgl/openal/Util done
Event: 3.168 loading class org/lwjgl/openal/OpenALException
Event: 3.168 loading class org/lwjgl/openal/OpenALException done


Dynamic libraries:
0x00007ff78da80000 - 0x00007ff78dab7000 	C:\Program Files\Java\jdk1.8.0_202\bin\java.exe
0x00007ff8f7c50000 - 0x00007ff8f7e67000 	C:\WINDOWS\SYSTEM32\ntdll.dll
0x00007ff8f5b60000 - 0x00007ff8f5c24000 	C:\WINDOWS\System32\KERNEL32.DLL
0x00007ff8f53f0000 - 0x00007ff8f57a9000 	C:\WINDOWS\System32\KERNELBASE.dll
0x00007ff8f5d10000 - 0x00007ff8f5dc2000 	C:\WINDOWS\System32\ADVAPI32.dll
0x00007ff8f6010000 - 0x00007ff8f60b7000 	C:\WINDOWS\System32\msvcrt.dll
0x00007ff8f79b0000 - 0x00007ff8f7a57000 	C:\WINDOWS\System32\sechost.dll
0x00007ff8f5170000 - 0x00007ff8f5198000 	C:\WINDOWS\System32\bcrypt.dll
0x00007ff8f7260000 - 0x00007ff8f7374000 	C:\WINDOWS\System32\RPCRT4.dll
0x00007ff8f7a60000 - 0x00007ff8f7c0e000 	C:\WINDOWS\System32\USER32.dll
0x00007ff8f5140000 - 0x00007ff8f5166000 	C:\WINDOWS\System32\win32u.dll
0x00007ff8f5fe0000 - 0x00007ff8f6009000 	C:\WINDOWS\System32\GDI32.dll
0x00007ff8f5260000 - 0x00007ff8f537b000 	C:\WINDOWS\System32\gdi32full.dll
0x00007ff8f57b0000 - 0x00007ff8f584a000 	C:\WINDOWS\System32\msvcp_win.dll
0x00007ff8f5850000 - 0x00007ff8f5961000 	C:\WINDOWS\System32\ucrtbase.dll
0x00007ff8e3970000 - 0x00007ff8e3c02000 	C:\WINDOWS\WinSxS\amd64_microsoft.windows.common-controls_6595b64144ccf1df_6.0.22621.4391_none_2715d37f73803e96\COMCTL32.dll
0x00007ff8f5a70000 - 0x00007ff8f5aa1000 	C:\WINDOWS\System32\IMM32.DLL
0x0000000058d90000 - 0x0000000058e62000 	C:\Program Files\Java\jdk1.8.0_202\jre\bin\msvcr100.dll
0x00000000584e0000 - 0x0000000058d85000 	C:\Program Files\Java\jdk1.8.0_202\jre\bin\server\jvm.dll
0x00007ff8f7080000 - 0x00007ff8f7088000 	C:\WINDOWS\System32\PSAPI.DLL
0x00007ff8dc100000 - 0x00007ff8dc109000 	C:\WINDOWS\SYSTEM32\WSOCK32.dll
0x00007ff8ec760000 - 0x00007ff8ec76a000 	C:\WINDOWS\SYSTEM32\VERSION.dll
0x00007ff8eb850000 - 0x00007ff8eb884000 	C:\WINDOWS\SYSTEM32\WINMM.dll
0x00007ff8f7910000 - 0x00007ff8f7981000 	C:\WINDOWS\System32\WS2_32.dll
0x00007ff8dc0f0000 - 0x00007ff8dc0ff000 	C:\Program Files\Java\jdk1.8.0_202\jre\bin\verify.dll
0x00007ff8c6a70000 - 0x00007ff8c6a99000 	C:\Program Files\Java\jdk1.8.0_202\jre\bin\java.dll
0x00007ff8d1ae0000 - 0x00007ff8d1af6000 	C:\Program Files\Java\jdk1.8.0_202\jre\bin\zip.dll
0x00007ff8f6800000 - 0x00007ff8f7076000 	C:\WINDOWS\System32\SHELL32.dll
0x00007ff8f2e40000 - 0x00007ff8f3743000 	C:\WINDOWS\SYSTEM32\windows.storage.dll
0x00007ff8f7560000 - 0x00007ff8f78ef000 	C:\WINDOWS\System32\combase.dll
0x00007ff8f2d00000 - 0x00007ff8f2e3f000 	C:\WINDOWS\SYSTEM32\wintypes.dll
0x00007ff8f6700000 - 0x00007ff8f67f9000 	C:\WINDOWS\System32\SHCORE.dll
0x00007ff8f74f0000 - 0x00007ff8f754e000 	C:\WINDOWS\System32\shlwapi.dll
0x00007ff8f4e80000 - 0x00007ff8f4eab000 	C:\WINDOWS\SYSTEM32\profapi.dll
0x00007ff8d82e0000 - 0x00007ff8d82ed000 	C:\Program Files\Java\jdk1.8.0_202\jre\bin\management.dll
0x00007ff8c6760000 - 0x00007ff8c677a000 	C:\Program Files\Java\jdk1.8.0_202\jre\bin\net.dll
0x00007ff8e4e30000 - 0x00007ff8e5020000 	C:\WINDOWS\SYSTEM32\urlmon.dll
0x00007ff8e47b0000 - 0x00007ff8e4a6e000 	C:\WINDOWS\SYSTEM32\iertutil.dll
0x00007ff8f39a0000 - 0x00007ff8f39ac000 	C:\WINDOWS\SYSTEM32\netutils.dll
0x00007ff8e4a70000 - 0x00007ff8e4a98000 	C:\WINDOWS\SYSTEM32\srvcli.dll
0x00007ff8f43c0000 - 0x00007ff8f4429000 	C:\WINDOWS\system32\mswsock.dll
0x00007ff8c6490000 - 0x00007ff8c64a2000 	C:\Program Files\Java\jdk1.8.0_202\jre\bin\nio.dll
0x00007ff887470000 - 0x00007ff887487000 	C:\WINDOWS\system32\napinsp.dll
0x00007ff887450000 - 0x00007ff88746b000 	C:\WINDOWS\system32\pnrpnsp.dll
0x00007ff8f3a20000 - 0x00007ff8f3b22000 	C:\WINDOWS\SYSTEM32\DNSAPI.dll
0x00007ff8f39b0000 - 0x00007ff8f39dd000 	C:\WINDOWS\SYSTEM32\IPHLPAPI.DLL
0x00007ff8f6540000 - 0x00007ff8f6549000 	C:\WINDOWS\System32\NSI.dll
0x00007ff887430000 - 0x00007ff887441000 	C:\WINDOWS\System32\winrnr.dll
0x00007ff8cfa60000 - 0x00007ff8cfa87000 	C:\WINDOWS\system32\nlansp_c.dll
0x00007ff8daac0000 - 0x00007ff8daad5000 	C:\WINDOWS\system32\wshbth.dll
0x00007ff8eede0000 - 0x00007ff8eee63000 	C:\WINDOWS\System32\fwpuclnt.dll
0x00007ff8ec840000 - 0x00007ff8ec84a000 	C:\Windows\System32\rasadhlp.dll
0x0000000180000000 - 0x0000000180053000 	C:\Users\Gamer\Desktop\Programming\Java\Minecraft\Server\Draconia\Client\natives\lwjgl64.dll
0x00007ff8913a0000 - 0x00007ff8914a0000 	C:\WINDOWS\SYSTEM32\OPENGL32.dll
0x00007ff890d10000 - 0x00007ff890d3d000 	C:\WINDOWS\SYSTEM32\GLU32.dll
0x00007ff8f2530000 - 0x00007ff8f2567000 	C:\WINDOWS\SYSTEM32\dxcore.dll
0x00007ff8f4710000 - 0x00007ff8f472b000 	C:\WINDOWS\SYSTEM32\CRYPTSP.dll
0x00007ff8f3ed0000 - 0x00007ff8f3f05000 	C:\WINDOWS\system32\rsaenh.dll
0x00007ff8f4460000 - 0x00007ff8f4488000 	C:\WINDOWS\SYSTEM32\USERENV.dll
0x00007ff8f50c0000 - 0x00007ff8f513b000 	C:\WINDOWS\System32\bcryptprimitives.dll
0x00007ff8f46f0000 - 0x00007ff8f46fc000 	C:\WINDOWS\SYSTEM32\CRYPTBASE.dll
0x00007ff8f0170000 - 0x00007ff8f0189000 	C:\WINDOWS\SYSTEM32\dhcpcsvc6.DLL
0x00007ff8efe10000 - 0x00007ff8efe2f000 	C:\WINDOWS\SYSTEM32\dhcpcsvc.DLL
0x00007ff8e77c0000 - 0x00007ff8e7959000 	C:\Program Files\Java\jdk1.8.0_202\jre\bin\awt.dll
0x00007ff8f5c30000 - 0x00007ff8f5d07000 	C:\WINDOWS\System32\OLEAUT32.dll
0x00007ff8f1c40000 - 0x00007ff8f1cd7000 	C:\WINDOWS\SYSTEM32\apphelp.dll
0x00007ff8ebd60000 - 0x00007ff8ebe1c000 	C:\WINDOWS\SYSTEM32\mscms.dll
0x00007ff8f3eb0000 - 0x00007ff8f3ec8000 	C:\WINDOWS\SYSTEM32\kernel.appcore.dll
0x00007ff8f5ab0000 - 0x00007ff8f5b60000 	C:\WINDOWS\System32\clbcatq.dll
0x00007ff8e7770000 - 0x00007ff8e77be000 	C:\Windows\System32\Windows.Internal.Graphics.Display.DisplayColorManagement.dll
0x00007ff8f4b70000 - 0x00007ff8f4bbe000 	C:\WINDOWS\SYSTEM32\cfgmgr32.dll
0x00007ff8f23e0000 - 0x00007ff8f2491000 	C:\WINDOWS\system32\uxtheme.dll
0x00007ff8f5e80000 - 0x00007ff8f5fe0000 	C:\WINDOWS\System32\MSCTF.dll
0x00007ff8e8250000 - 0x00007ff8e8395000 	C:\WINDOWS\SYSTEM32\textinputframework.dll
0x00007ff8f1840000 - 0x00007ff8f1973000 	C:\WINDOWS\SYSTEM32\CoreMessaging.dll
0x00007ff8ee0b0000 - 0x00007ff8ee41d000 	C:\WINDOWS\SYSTEM32\CoreUIComponents.dll
0x00007ff8eeb70000 - 0x00007ff8eebb9000 	C:\WINDOWS\SYSTEM32\directxdatabasehelper.dll
0x00007ff8eb890000 - 0x00007ff8eb9d4000 	C:\Windows\System32\AppXDeploymentClient.dll
0x00007ff8e0440000 - 0x00007ff8e046e000 	C:\WINDOWS\System32\DriverStore\FileRepository\u0403852.inf_amd64_63c1d613d771eff0\B400781\atig6pxx.dll
0x00007ff860bd0000 - 0x00007ff8650af000 	C:\WINDOWS\System32\DriverStore\FileRepository\u0403852.inf_amd64_63c1d613d771eff0\B400781\atio6axx.dll
0x00007ff8f60c0000 - 0x00007ff8f6534000 	C:\WINDOWS\System32\SETUPAPI.dll
0x00007ff8ead90000 - 0x00007ff8eadc5000 	C:\WINDOWS\SYSTEM32\amdihk64.dll
0x00007ff8f2690000 - 0x00007ff8f26bb000 	C:\WINDOWS\SYSTEM32\dwmapi.dll
0x00007ff8f4b20000 - 0x00007ff8f4b4c000 	C:\WINDOWS\SYSTEM32\DEVOBJ.dll
0x00007ff8f5380000 - 0x00007ff8f53ec000 	C:\WINDOWS\System32\WINTRUST.dll
0x00007ff8f4f50000 - 0x00007ff8f50b6000 	C:\WINDOWS\System32\CRYPT32.dll
0x00007ff8f4760000 - 0x00007ff8f4772000 	C:\WINDOWS\SYSTEM32\MSASN1.dll
0x00007ff8da7b0000 - 0x00007ff8da7f9000 	C:\WINDOWS\SYSTEM32\icm32.dll
0x000000002e440000 - 0x000000002e478000 	C:\Users\Gamer\AppData\Local\Temp\jna\jna5057935271027462818.dll
0x0000000031290000 - 0x00000000312f4000 	C:\Users\Gamer\Desktop\Programming\Java\Minecraft\Server\Draconia\Client\natives\OpenAL64.dll
0x00007ff8f6550000 - 0x00007ff8f66f5000 	C:\WINDOWS\System32\ole32.dll
0x00007ff8edca0000 - 0x00007ff8edd3e000 	C:\WINDOWS\System32\MMDevApi.dll
0x00007ff8cd9c0000 - 0x00007ff8cda62000 	C:\WINDOWS\SYSTEM32\dsound.dll
0x00007ff8cd900000 - 0x00007ff8cd9b1000 	C:\WINDOWS\SYSTEM32\ResampleDmo.DLL
0x00007ff8f4e20000 - 0x00007ff8f4e6d000 	C:\WINDOWS\SYSTEM32\powrprof.dll
0x00007ff884f40000 - 0x00007ff884f69000 	C:\WINDOWS\SYSTEM32\winmmbase.dll
0x00007ff8b3cd0000 - 0x00007ff8b3cdb000 	C:\WINDOWS\SYSTEM32\msdmo.dll
0x00007ff8f4e00000 - 0x00007ff8f4e13000 	C:\WINDOWS\SYSTEM32\UMPDC.dll
0x00007ff8ec850000 - 0x00007ff8eca3d000 	C:\WINDOWS\SYSTEM32\AUDIOSES.DLL
0x00007ff8eeef0000 - 0x00007ff8ef122000 	C:\WINDOWS\SYSTEM32\dbghelp.dll

VM Arguments:
jvm_args: -Djava.library.path=../natives -Dfile.encoding=UTF-8 -Duser.country=FR -Duser.language=fr -Duser.variant 
java_command: Start --username=AikoDev
java_class_path (initial): C:\Users\Gamer\Desktop\Programming\Java\Minecraft\Server\Draconia\Client\build\classes\java\main;C:\Users\Gamer\Desktop\Programming\Java\Minecraft\Server\Draconia\Client\build\resources\main;C:\Users\Gamer\Desktop\Programming\Java\Minecraft\Server\Draconia\Client\libs\authlib-1.5.21.jar;C:\Users\Gamer\Desktop\Programming\Java\Minecraft\Server\Draconia\Client\libs\codecjorbis-20101023.jar;C:\Users\Gamer\Desktop\Programming\Java\Minecraft\Server\Draconia\Client\libs\codecwav-20101023.jar;C:\Users\Gamer\Desktop\Programming\Java\Minecraft\Server\Draconia\Client\libs\commons-codec-1.9.jar;C:\Users\Gamer\Desktop\Programming\Java\Minecraft\Server\Draconia\Client\libs\commons-compress-1.8.1.jar;C:\Users\Gamer\Desktop\Programming\Java\Minecraft\Server\Draconia\Client\libs\commons-io-2.4.jar;C:\Users\Gamer\Desktop\Programming\Java\Minecraft\Server\Draconia\Client\libs\commons-lang3-3.3.2.jar;C:\Users\Gamer\Desktop\Programming\Java\Minecraft\Server\Draconia\Client\libs\commons-logging-1.1.3.jar;C:\Users\Gamer\Desktop\Programming\Java\Minecraft\Server\Draconia\Client\libs\gson-2.2.4.jar;C:\Users\Gamer\Desktop\Programming\Java\Minecraft\Server\Draconia\Client\libs\guava-17.0.jar;C:\Users\Gamer\Desktop\Programming\Java\Minecraft\Server\Draconia\Client\libs\httpclient-4.3.3.jar;C:\Users\Gamer\Desktop\Programming\Java\Minecraft\Server\Draconia\Client\libs\httpcore-4.3.2.jar;C:\Users\Gamer\Desktop\Programming\Java\Minecraft\Server\Draconia\Client\libs\icu4j-core-mojang-51.2.jar;C:\Users\Gamer\Desktop\Programming\Java\Minecraft\Server\Draconia\Client\libs\jinput-2.0.5.jar;C:\Users\Gamer\Desktop\Programming\Java\Minecraft\Server\Draconia\Client\libs\jna-3.4.0.jar;C:\Users\Gamer\Desktop\Programming\Java\Minecraft\Server\Draconia\Client\libs\jopt-simple-4.6.jar;C:\Users\Gamer\Desktop\Programming\Java\Minecraft\Server\Draconia\Client\libs\jutils-1.0.0.jar;C:\Users\Gamer\Desktop\Programming\Java\Minecraft\Server\Draconia\Client\libs\libraryjavasound-20101123.j
Launcher Type: SUN_STANDARD

Environment Variables:
JAVA_HOME=C:\Program Files\Java\jdk1.8.0_202
PATH=C:\Program Files (x86)\Common Files\Oracle\Java\javapath;C:\Program Files (x86)\Common Files\Intel\Shared Libraries\redist\intel64\compiler;C:\WINDOWS\system32;C:\WINDOWS;C:\WINDOWS\System32\Wbem;C:\WINDOWS\System32\WindowsPowerShell\v1.0\;C:\WINDOWS\System32\OpenSSH\;C:\Program Files\Git\cmd;C:\Program Files (x86)\Windows Kits\10\Windows Performance Toolkit\;C:\Program Files\CMake\bin;C:\MinGW\bin;C:\Program Files\dotnet\;C:\Program Files\Java\jdk1.8.0_202\bin;C:\ProgramData\chocolatey\bin;C:\Curl\bin;C:\Program Files\nodejs\;C:\msys64\ucrt64\bin;C:\Users\Gamer\AppData\Local\Programs\Python\Python312\Scripts\;C:\Users\Gamer\AppData\Local\Programs\Python\Python312\;C:\Users\Gamer\AppData\Local\Programs\Python\Launcher\;C:\Users\Gamer\AppData\Local\Microsoft\WindowsApps;C:\Users\Gamer\AppData\Roaming\npm;C:\Users\Gamer\AppData\Local\JetBrains\Toolbox\scripts;C:\Users\Gamer\AppData\Local\Programs\Microsoft VS Code\bin
USERNAME=Gamer
OS=Windows_NT
PROCESSOR_IDENTIFIER=AMD64 Family 25 Model 80 Stepping 0, AuthenticAMD



---------------  S Y S T E M  ---------------

OS: Windows 10.0 , 64 bit Build 22621 (10.0.22621.4391)

CPU:total 12 (initial active 12) (12 cores per cpu, 1 threads per core) family 25 model 80 stepping 0, cmov, cx8, fxsr, mmx, sse, sse2, sse3, ssse3, sse4.1, sse4.2, popcnt, avx, avx2, aes, clmul, erms, mmxext, 3dnowpref, lzcnt, sse4a, tsc, tscinvbit, tscinv, bmi1

Memory: 4k page, physical 16118352k(5322864k free), swap 17822288k(4382932k free)

vm_info: Java HotSpot(TM) 64-Bit Server VM (25.202-b08) for windows-amd64 JRE (1.8.0_202-b08), built on Dec 15 2018 19:54:30 by "java_re" with MS VC++ 10.0 (VS2010)

time: Sun Dec 15 09:58:09 2024
timezone: Paris, Madrid
elapsed time: 3 seconds (0d 0h 0m 3s)

